<?xml version="1.0" encoding="UTF-8"?>
<robot generator="Robot 7.0 (Python 3.11.0 on win32)" generated="2024-08-10T16:11:38.590456" rpa="false" schemaversion="5">
<suite id="s1" name="ObjectPage" source="C:\projetabdel\ProjetRF\Test\ObjectPage.robot">
<test id="s1-t1" name="TC1:Open browser" line="15">
<kw name="OpenPage" owner="common">
<kw name="Open Browser" owner="SeleniumLibrary">
<msg time="2024-08-10T16:11:40.931867" level="INFO">Opening browser 'chrome' to base url 'https://opensource-demo.orangehrmlive.com/web/index.php/auth/login'.</msg>
<arg>${url}</arg>
<arg>${browser}</arg>
<doc>Opens a new browser instance to the optional ``url``.</doc>
<status status="PASS" start="2024-08-10T16:11:40.931867" elapsed="7.692903"/>
</kw>
<kw name="Maximize Browser Window" owner="SeleniumLibrary">
<doc>Maximizes current browser window.</doc>
<status status="PASS" start="2024-08-10T16:11:48.632772" elapsed="0.908314"/>
</kw>
<kw name="Title Should Be" owner="SeleniumLibrary">
<msg time="2024-08-10T16:11:49.557088" level="INFO">Page title is 'OrangeHRM'.</msg>
<arg>OrangeHRM</arg>
<doc>Verifies that the current page title equals ``title``.</doc>
<status status="PASS" start="2024-08-10T16:11:49.541086" elapsed="0.016002"/>
</kw>
<status status="PASS" start="2024-08-10T16:11:40.931867" elapsed="8.625221"/>
</kw>
<kw name="Close Browser" owner="SeleniumLibrary">
<doc>Closes the current browser.</doc>
<status status="PASS" start="2024-08-10T16:11:49.565090" elapsed="2.960438"/>
</kw>
<doc>Open url :OrangeHRM in chrome</doc>
<tag>critical_1</tag>
<status status="PASS" start="2024-08-10T16:11:40.927086" elapsed="11.598442"/>
</test>
<test id="s1-t2" name="TC2: Successful login with valid credentials" line="21">
<kw name="OpenPage" owner="common">
<kw name="Open Browser" owner="SeleniumLibrary">
<msg time="2024-08-10T16:11:52.549538" level="INFO">Opening browser 'chrome' to base url 'https://opensource-demo.orangehrmlive.com/web/index.php/auth/login'.</msg>
<arg>${url}</arg>
<arg>${browser}</arg>
<doc>Opens a new browser instance to the optional ``url``.</doc>
<status status="PASS" start="2024-08-10T16:11:52.549538" elapsed="6.204022"/>
</kw>
<kw name="Maximize Browser Window" owner="SeleniumLibrary">
<doc>Maximizes current browser window.</doc>
<status status="PASS" start="2024-08-10T16:11:58.761564" elapsed="0.695850"/>
</kw>
<kw name="Title Should Be" owner="SeleniumLibrary">
<msg time="2024-08-10T16:11:59.668035" level="INFO">Page title is 'OrangeHRM'.</msg>
<arg>OrangeHRM</arg>
<doc>Verifies that the current page title equals ``title``.</doc>
<status status="PASS" start="2024-08-10T16:11:59.457414" elapsed="0.210621"/>
</kw>
<status status="PASS" start="2024-08-10T16:11:52.549538" elapsed="7.126498"/>
</kw>
<kw name="Successful login with valid credentials" owner="Authentification">
<kw name="Wait Until Element Is Visible" owner="SeleniumLibrary">
<arg>${LocatorUsername}</arg>
<doc>Waits until the element ``locator`` is visible.</doc>
<status status="PASS" start="2024-08-10T16:11:59.684036" elapsed="0.618713"/>
</kw>
<kw name="Input Text" owner="SeleniumLibrary">
<msg time="2024-08-10T16:12:00.302749" level="INFO">Typing text 'Admin' into text field 'xpath://input[@name='username']'.</msg>
<arg>${LocatorUsername}</arg>
<arg>${JDDvalidUsername}</arg>
<doc>Types the given ``text`` into the text field identified by ``locator``.</doc>
<status status="PASS" start="2024-08-10T16:12:00.302749" elapsed="0.354674"/>
</kw>
<kw name="Wait Until Element Is Visible" owner="SeleniumLibrary">
<arg>${LocatorPassword}</arg>
<doc>Waits until the element ``locator`` is visible.</doc>
<status status="PASS" start="2024-08-10T16:12:00.657423" elapsed="0.080021"/>
</kw>
<kw name="Input Password" owner="SeleniumLibrary">
<msg time="2024-08-10T16:12:00.745446" level="INFO">Typing password into text field 'xpath://input[@name='password']'.</msg>
<msg time="2024-08-10T16:12:00.876540" level="INFO">Temporally setting log level to: NONE</msg>
<arg>${LocatorPassword}</arg>
<arg>${JDDvalidpassword}</arg>
<doc>Types the given password into the text field identified by ``locator``.</doc>
<status status="PASS" start="2024-08-10T16:12:00.745446" elapsed="0.307139"/>
</kw>
<kw name="Wait Until Element Is Visible" owner="SeleniumLibrary">
<arg>${LocatorLoginButton}</arg>
<doc>Waits until the element ``locator`` is visible.</doc>
<status status="PASS" start="2024-08-10T16:12:01.060586" elapsed="0.080023"/>
</kw>
<kw name="Click Element" owner="SeleniumLibrary">
<msg time="2024-08-10T16:12:01.148607" level="INFO">Clicking element 'xpath://button[@type='submit']'.</msg>
<arg>${LocatorLoginButton}</arg>
<doc>Click the element identified by ``locator``.</doc>
<status status="PASS" start="2024-08-10T16:12:01.148607" elapsed="1.125796"/>
</kw>
<status status="PASS" start="2024-08-10T16:11:59.676036" elapsed="2.598367"/>
</kw>
<kw name="Close Browser" owner="SeleniumLibrary">
<doc>Closes the current browser.</doc>
<status status="PASS" start="2024-08-10T16:12:02.282403" elapsed="3.809064"/>
</kw>
<doc>login using valid credentials</doc>
<tag>critical_2</tag>
<status status="PASS" start="2024-08-10T16:11:52.549538" elapsed="13.541929"/>
</test>
<test id="s1-t3" name="TC3:Usuccessful login with invalid credentials" line="28">
<kw name="OpenPage" owner="common">
<kw name="Open Browser" owner="SeleniumLibrary">
<msg time="2024-08-10T16:12:06.107476" level="INFO">Opening browser 'chrome' to base url 'https://opensource-demo.orangehrmlive.com/web/index.php/auth/login'.</msg>
<arg>${url}</arg>
<arg>${browser}</arg>
<doc>Opens a new browser instance to the optional ``url``.</doc>
<status status="PASS" start="2024-08-10T16:12:06.107476" elapsed="6.604133"/>
</kw>
<kw name="Maximize Browser Window" owner="SeleniumLibrary">
<doc>Maximizes current browser window.</doc>
<status status="PASS" start="2024-08-10T16:12:12.719610" elapsed="0.809438"/>
</kw>
<kw name="Title Should Be" owner="SeleniumLibrary">
<msg time="2024-08-10T16:12:13.569055" level="INFO">Page title is 'OrangeHRM'.</msg>
<arg>OrangeHRM</arg>
<doc>Verifies that the current page title equals ``title``.</doc>
<status status="PASS" start="2024-08-10T16:12:13.537050" elapsed="0.032005"/>
</kw>
<status status="PASS" start="2024-08-10T16:12:06.107476" elapsed="7.469581"/>
</kw>
<kw name="Usuccessful login with valid username &amp; Password invalid" owner="Authentification">
<kw name="Wait Until Element Is Visible" owner="SeleniumLibrary">
<arg>${LocatorUsername}</arg>
<doc>Waits until the element ``locator`` is visible.</doc>
<status status="PASS" start="2024-08-10T16:12:13.585060" elapsed="0.328083"/>
</kw>
<kw name="Input Text" owner="SeleniumLibrary">
<msg time="2024-08-10T16:12:13.921144" level="INFO">Typing text 'Admin' into text field 'xpath://input[@name='username']'.</msg>
<arg>${LocatorUsername}</arg>
<arg>${JDDinvalidUsername}</arg>
<doc>Types the given ``text`` into the text field identified by ``locator``.</doc>
<status status="PASS" start="2024-08-10T16:12:13.921144" elapsed="0.352088"/>
</kw>
<kw name="Wait Until Element Is Visible" owner="SeleniumLibrary">
<arg>${LocatorPassword}</arg>
<doc>Waits until the element ``locator`` is visible.</doc>
<status status="PASS" start="2024-08-10T16:12:14.281233" elapsed="0.080020"/>
</kw>
<kw name="Input Password" owner="SeleniumLibrary">
<msg time="2024-08-10T16:12:14.361253" level="INFO">Typing password into text field 'xpath://input[@name='password']'.</msg>
<msg time="2024-08-10T16:12:14.473281" level="INFO">Temporally setting log level to: NONE</msg>
<arg>${LocatorPassword}</arg>
<arg>${JDDinvalidpassword}</arg>
<doc>Types the given password into the text field identified by ``locator``.</doc>
<status status="PASS" start="2024-08-10T16:12:14.361253" elapsed="0.282519"/>
</kw>
<kw name="Wait Until Element Is Visible" owner="SeleniumLibrary">
<arg>${LocatorLoginButton}</arg>
<doc>Waits until the element ``locator`` is visible.</doc>
<status status="PASS" start="2024-08-10T16:12:14.651774" elapsed="0.048013"/>
</kw>
<kw name="Click Element" owner="SeleniumLibrary">
<msg time="2024-08-10T16:12:14.699787" level="INFO">Clicking element 'xpath://button[@type='submit']'.</msg>
<arg>${LocatorLoginButton}</arg>
<doc>Click the element identified by ``locator``.</doc>
<status status="PASS" start="2024-08-10T16:12:14.699787" elapsed="0.122029"/>
</kw>
<kw name="Wait Until Page Contains" owner="SeleniumLibrary">
<arg>Invalid credentials</arg>
<doc>Waits until ``text`` appears on the current page.</doc>
<status status="PASS" start="2024-08-10T16:12:14.821816" elapsed="1.276751"/>
</kw>
<status status="PASS" start="2024-08-10T16:12:13.585060" elapsed="2.513507"/>
</kw>
<kw name="Close Browser" owner="SeleniumLibrary">
<doc>Closes the current browser.</doc>
<status status="PASS" start="2024-08-10T16:12:16.098567" elapsed="4.595312"/>
</kw>
<doc>Unsuccesfull login using valid username &amp; invalid password</doc>
<tag>critical_3</tag>
<status status="PASS" start="2024-08-10T16:12:06.107476" elapsed="14.586403"/>
</test>
<test id="s1-t4" name="TC4:Usuccessful login with empty credentials" line="35">
<kw name="OpenPage" owner="common">
<kw name="Open Browser" owner="SeleniumLibrary">
<msg time="2024-08-10T16:12:20.709883" level="INFO">Opening browser 'chrome' to base url 'https://opensource-demo.orangehrmlive.com/web/index.php/auth/login'.</msg>
<arg>${url}</arg>
<arg>${browser}</arg>
<doc>Opens a new browser instance to the optional ``url``.</doc>
<status status="PASS" start="2024-08-10T16:12:20.709883" elapsed="6.777570"/>
</kw>
<kw name="Maximize Browser Window" owner="SeleniumLibrary">
<doc>Maximizes current browser window.</doc>
<status status="PASS" start="2024-08-10T16:12:27.495450" elapsed="1.186858"/>
</kw>
<kw name="Title Should Be" owner="SeleniumLibrary">
<msg time="2024-08-10T16:12:29.242446" level="INFO">Page title is 'OrangeHRM'.</msg>
<arg>OrangeHRM</arg>
<doc>Verifies that the current page title equals ``title``.</doc>
<status status="PASS" start="2024-08-10T16:12:28.682308" elapsed="0.560138"/>
</kw>
<status status="PASS" start="2024-08-10T16:12:20.709883" elapsed="8.540566"/>
</kw>
<kw name="Usuccessful login with empty credentials" owner="Authentification">
<kw name="Wait Until Element Is Visible" owner="SeleniumLibrary">
<arg>${LocatorLoginButton}</arg>
<doc>Waits until the element ``locator`` is visible.</doc>
<status status="PASS" start="2024-08-10T16:12:29.258472" elapsed="0.442668"/>
</kw>
<kw name="Click Element" owner="SeleniumLibrary">
<msg time="2024-08-10T16:12:29.709143" level="INFO">Clicking element 'xpath://button[@type='submit']'.</msg>
<arg>${LocatorLoginButton}</arg>
<doc>Click the element identified by ``locator``.</doc>
<status status="PASS" start="2024-08-10T16:12:29.701140" elapsed="0.186612"/>
</kw>
<kw name="Wait Until Page Contains" owner="SeleniumLibrary">
<arg>Login</arg>
<doc>Waits until ``text`` appears on the current page.</doc>
<status status="PASS" start="2024-08-10T16:12:29.887752" elapsed="0.120031"/>
</kw>
<status status="PASS" start="2024-08-10T16:12:29.258472" elapsed="0.749311"/>
</kw>
<kw name="Close Browser" owner="SeleniumLibrary">
<doc>Closes the current browser.</doc>
<status status="PASS" start="2024-08-10T16:12:30.007783" elapsed="4.146410"/>
</kw>
<doc>Unsuccesfull login using empty credentials</doc>
<tag>critical_4</tag>
<status status="PASS" start="2024-08-10T16:12:20.709883" elapsed="13.444310"/>
</test>
<test id="s1-t5" name="tc5:Successful AddUser" line="42">
<kw name="OpenPage" owner="common">
<kw name="Open Browser" owner="SeleniumLibrary">
<msg time="2024-08-10T16:12:34.178202" level="INFO">Opening browser 'chrome' to base url 'https://opensource-demo.orangehrmlive.com/web/index.php/auth/login'.</msg>
<arg>${url}</arg>
<arg>${browser}</arg>
<doc>Opens a new browser instance to the optional ``url``.</doc>
<status status="PASS" start="2024-08-10T16:12:34.170199" elapsed="5.975199"/>
</kw>
<kw name="Maximize Browser Window" owner="SeleniumLibrary">
<doc>Maximizes current browser window.</doc>
<status status="PASS" start="2024-08-10T16:12:40.153400" elapsed="0.964242"/>
</kw>
<kw name="Title Should Be" owner="SeleniumLibrary">
<msg time="2024-08-10T16:12:41.189659" level="INFO">Page title is 'OrangeHRM'.</msg>
<arg>OrangeHRM</arg>
<doc>Verifies that the current page title equals ``title``.</doc>
<status status="PASS" start="2024-08-10T16:12:41.117642" elapsed="0.080019"/>
</kw>
<status status="PASS" start="2024-08-10T16:12:34.170199" elapsed="7.027462"/>
</kw>
<kw name="Successful login with valid credentials" owner="Authentification">
<kw name="Wait Until Element Is Visible" owner="SeleniumLibrary">
<arg>${LocatorUsername}</arg>
<doc>Waits until the element ``locator`` is visible.</doc>
<status status="PASS" start="2024-08-10T16:12:41.237674" elapsed="0.138614"/>
</kw>
<kw name="Input Text" owner="SeleniumLibrary">
<msg time="2024-08-10T16:12:41.376288" level="INFO">Typing text 'Admin' into text field 'xpath://input[@name='username']'.</msg>
<arg>${LocatorUsername}</arg>
<arg>${JDDvalidUsername}</arg>
<doc>Types the given ``text`` into the text field identified by ``locator``.</doc>
<status status="PASS" start="2024-08-10T16:12:41.376288" elapsed="0.387436"/>
</kw>
<kw name="Wait Until Element Is Visible" owner="SeleniumLibrary">
<arg>${LocatorPassword}</arg>
<doc>Waits until the element ``locator`` is visible.</doc>
<status status="PASS" start="2024-08-10T16:12:41.763724" elapsed="0.088423"/>
</kw>
<kw name="Input Password" owner="SeleniumLibrary">
<msg time="2024-08-10T16:12:41.860615" level="INFO">Typing password into text field 'xpath://input[@name='password']'.</msg>
<msg time="2024-08-10T16:12:41.958577" level="INFO">Temporally setting log level to: NONE</msg>
<arg>${LocatorPassword}</arg>
<arg>${JDDvalidpassword}</arg>
<doc>Types the given password into the text field identified by ``locator``.</doc>
<status status="PASS" start="2024-08-10T16:12:41.852147" elapsed="0.330583"/>
</kw>
<kw name="Wait Until Element Is Visible" owner="SeleniumLibrary">
<arg>${LocatorLoginButton}</arg>
<doc>Waits until the element ``locator`` is visible.</doc>
<status status="PASS" start="2024-08-10T16:12:42.190730" elapsed="0.074635"/>
</kw>
<kw name="Click Element" owner="SeleniumLibrary">
<msg time="2024-08-10T16:12:42.273346" level="INFO">Clicking element 'xpath://button[@type='submit']'.</msg>
<arg>${LocatorLoginButton}</arg>
<doc>Click the element identified by ``locator``.</doc>
<status status="PASS" start="2024-08-10T16:12:42.265365" elapsed="0.152965"/>
</kw>
<status status="PASS" start="2024-08-10T16:12:41.229674" elapsed="1.196634"/>
</kw>
<kw name="Successuful AddUser" owner="AddUser">
<kw name="Wait Until Element Is Visible" owner="SeleniumLibrary">
<msg time="2024-08-10T16:12:42.450331" level="FAIL">Variable '${AdminIcon}' not found. Did you mean:
    ${AdminIcone}</msg>
<arg>${AdminIcon}</arg>
<doc>Waits until the element ``locator`` is visible.</doc>
<status status="FAIL" start="2024-08-10T16:12:42.442311" elapsed="0.008020">Variable '${AdminIcon}' not found. Did you mean:
    ${AdminIcone}</status>
</kw>
<kw name="Click Element" owner="SeleniumLibrary">
<arg>${AdminIcon}</arg>
<doc>Click the element identified by ``locator``.</doc>
<status status="NOT RUN" start="2024-08-10T16:12:42.450331" elapsed="0.000000"/>
</kw>
<kw name="Wait Until Element Is Visible" owner="SeleniumLibrary">
<arg>${AdminAddButton}</arg>
<doc>Waits until the element ``locator`` is visible.</doc>
<status status="NOT RUN" start="2024-08-10T16:12:42.450331" elapsed="0.000000"/>
</kw>
<kw name="Click Element" owner="SeleniumLibrary">
<arg>${AdminAddButton}</arg>
<doc>Click the element identified by ``locator``.</doc>
<status status="NOT RUN" start="2024-08-10T16:12:42.458867" elapsed="0.000000"/>
</kw>
<kw name="Wait Until Element Is Visible" owner="SeleniumLibrary">
<arg>${UserRole}</arg>
<doc>Waits until the element ``locator`` is visible.</doc>
<status status="NOT RUN" start="2024-08-10T16:12:42.460909" elapsed="0.000000"/>
</kw>
<kw name="Click Element" owner="SeleniumLibrary">
<arg>${UserRole}</arg>
<doc>Click the element identified by ``locator``.</doc>
<status status="NOT RUN" start="2024-08-10T16:12:42.460909" elapsed="0.000000"/>
</kw>
<kw name="Wait Until Element Is Visible" owner="SeleniumLibrary">
<arg>${SelectAdmin}</arg>
<doc>Waits until the element ``locator`` is visible.</doc>
<status status="NOT RUN" start="2024-08-10T16:12:42.460909" elapsed="0.000000"/>
</kw>
<kw name="Click Element" owner="SeleniumLibrary">
<arg>${SelectAdmin}</arg>
<doc>Click the element identified by ``locator``.</doc>
<status status="NOT RUN" start="2024-08-10T16:12:42.460909" elapsed="0.007977"/>
</kw>
<kw name="Wait Until Element Is Visible" owner="SeleniumLibrary">
<arg>${Status}</arg>
<doc>Waits until the element ``locator`` is visible.</doc>
<status status="NOT RUN" start="2024-08-10T16:12:42.468886" elapsed="0.000000"/>
</kw>
<kw name="Click Element" owner="SeleniumLibrary">
<arg>${Status}</arg>
<doc>Click the element identified by ``locator``.</doc>
<status status="NOT RUN" start="2024-08-10T16:12:42.476887" elapsed="0.000000"/>
</kw>
<kw name="Wait Until Element Is Visible" owner="SeleniumLibrary">
<arg>${SelectEnable}</arg>
<doc>Waits until the element ``locator`` is visible.</doc>
<status status="NOT RUN" start="2024-08-10T16:12:42.476887" elapsed="0.000000"/>
</kw>
<kw name="Click Element" owner="SeleniumLibrary">
<arg>${SelectEnable}</arg>
<doc>Click the element identified by ``locator``.</doc>
<status status="NOT RUN" start="2024-08-10T16:12:42.476887" elapsed="0.000000"/>
</kw>
<kw name="Wait Until Element Is Visible" owner="SeleniumLibrary">
<arg>${LEmployeeName}</arg>
<doc>Waits until the element ``locator`` is visible.</doc>
<status status="NOT RUN" start="2024-08-10T16:12:42.476887" elapsed="0.008035"/>
</kw>
<kw name="Input Text" owner="SeleniumLibrary">
<arg>${LEmployeeName}</arg>
<arg>${JEmployeeName}</arg>
<doc>Types the given ``text`` into the text field identified by ``locator``.</doc>
<status status="NOT RUN" start="2024-08-10T16:12:42.484922" elapsed="0.000000"/>
</kw>
<kw name="Wait Until Element Is Visible" owner="SeleniumLibrary">
<arg>${Lusername}</arg>
<doc>Waits until the element ``locator`` is visible.</doc>
<status status="NOT RUN" start="2024-08-10T16:12:42.484922" elapsed="0.000000"/>
</kw>
<kw name="Input Text" owner="SeleniumLibrary">
<arg>${Lusername}</arg>
<arg>${JuserName}</arg>
<doc>Types the given ``text`` into the text field identified by ``locator``.</doc>
<status status="NOT RUN" start="2024-08-10T16:12:42.484922" elapsed="0.000000"/>
</kw>
<kw name="Wait Until Element Is Visible" owner="SeleniumLibrary">
<arg>${Lpassword}</arg>
<doc>Waits until the element ``locator`` is visible.</doc>
<status status="NOT RUN" start="2024-08-10T16:12:42.492897" elapsed="0.000000"/>
</kw>
<kw name="Input Password" owner="SeleniumLibrary">
<arg>${Lpassword}</arg>
<arg>${Jpassword}</arg>
<doc>Types the given password into the text field identified by ``locator``.</doc>
<status status="NOT RUN" start="2024-08-10T16:12:42.492897" elapsed="0.000000"/>
</kw>
<kw name="Wait Until Element Is Visible" owner="SeleniumLibrary">
<arg>${Lconfirmpassword}</arg>
<doc>Waits until the element ``locator`` is visible.</doc>
<status status="NOT RUN" start="2024-08-10T16:12:42.500895" elapsed="0.000000"/>
</kw>
<kw name="Input Password" owner="SeleniumLibrary">
<arg>${Lconfirmpassword}</arg>
<arg>${Jpassword}</arg>
<doc>Types the given password into the text field identified by ``locator``.</doc>
<status status="NOT RUN" start="2024-08-10T16:12:42.500895" elapsed="0.000000"/>
</kw>
<kw name="Wait Until Element Is Visible" owner="SeleniumLibrary">
<arg>${Lsavebutton}</arg>
<doc>Waits until the element ``locator`` is visible.</doc>
<status status="NOT RUN" start="2024-08-10T16:12:42.508896" elapsed="0.000000"/>
</kw>
<kw name="Click Element" owner="SeleniumLibrary">
<arg>${Lsavebutton}</arg>
<doc>Click the element identified by ``locator``.</doc>
<status status="NOT RUN" start="2024-08-10T16:12:42.508896" elapsed="0.000000"/>
</kw>
<status status="FAIL" start="2024-08-10T16:12:42.434312" elapsed="0.074584">Variable '${AdminIcon}' not found. Did you mean:
    ${AdminIcone}</status>
</kw>
<doc>Successful add user</doc>
<tag>critical_5</tag>
<status status="FAIL" start="2024-08-10T16:12:34.170199" elapsed="8.346701">Variable '${AdminIcon}' not found. Did you mean:
    ${AdminIcone}</status>
</test>
<test id="s1-t6" name="Tc6:SearchByUsername" line="49">
<kw name="OpenPage" owner="common">
<kw name="Open Browser" owner="SeleniumLibrary">
<msg time="2024-08-10T16:12:42.580688" level="INFO">Opening browser 'chrome' to base url 'https://opensource-demo.orangehrmlive.com/web/index.php/auth/login'.</msg>
<arg>${url}</arg>
<arg>${browser}</arg>
<doc>Opens a new browser instance to the optional ``url``.</doc>
<status status="PASS" start="2024-08-10T16:12:42.580688" elapsed="8.457235"/>
</kw>
<kw name="Maximize Browser Window" owner="SeleniumLibrary">
<doc>Maximizes current browser window.</doc>
<status status="PASS" start="2024-08-10T16:12:51.053927" elapsed="0.724787"/>
</kw>
<kw name="Title Should Be" owner="SeleniumLibrary">
<msg time="2024-08-10T16:12:52.010773" level="INFO">Page title is 'OrangeHRM'.</msg>
<arg>OrangeHRM</arg>
<doc>Verifies that the current page title equals ``title``.</doc>
<status status="PASS" start="2024-08-10T16:12:51.778714" elapsed="0.232059"/>
</kw>
<status status="PASS" start="2024-08-10T16:12:42.564684" elapsed="9.520663"/>
</kw>
<kw name="Successful login with valid credentials" owner="Authentification">
<kw name="Wait Until Element Is Visible" owner="SeleniumLibrary">
<arg>${LocatorUsername}</arg>
<doc>Waits until the element ``locator`` is visible.</doc>
<status status="PASS" start="2024-08-10T16:12:52.093350" elapsed="0.288074"/>
</kw>
<kw name="Input Text" owner="SeleniumLibrary">
<msg time="2024-08-10T16:12:52.381424" level="INFO">Typing text 'Admin' into text field 'xpath://input[@name='username']'.</msg>
<arg>${LocatorUsername}</arg>
<arg>${JDDvalidUsername}</arg>
<doc>Types the given ``text`` into the text field identified by ``locator``.</doc>
<status status="PASS" start="2024-08-10T16:12:52.381424" elapsed="0.493229"/>
</kw>
<kw name="Wait Until Element Is Visible" owner="SeleniumLibrary">
<arg>${LocatorPassword}</arg>
<doc>Waits until the element ``locator`` is visible.</doc>
<status status="PASS" start="2024-08-10T16:12:52.874653" elapsed="0.096025"/>
</kw>
<kw name="Input Password" owner="SeleniumLibrary">
<msg time="2024-08-10T16:12:52.970678" level="INFO">Typing password into text field 'xpath://input[@name='password']'.</msg>
<msg time="2024-08-10T16:12:53.082704" level="INFO">Temporally setting log level to: NONE</msg>
<arg>${LocatorPassword}</arg>
<arg>${JDDvalidpassword}</arg>
<doc>Types the given password into the text field identified by ``locator``.</doc>
<status status="PASS" start="2024-08-10T16:12:52.970678" elapsed="0.400098"/>
</kw>
<kw name="Wait Until Element Is Visible" owner="SeleniumLibrary">
<arg>${LocatorLoginButton}</arg>
<doc>Waits until the element ``locator`` is visible.</doc>
<status status="PASS" start="2024-08-10T16:12:53.378779" elapsed="0.104025"/>
</kw>
<kw name="Click Element" owner="SeleniumLibrary">
<msg time="2024-08-10T16:12:53.482804" level="INFO">Clicking element 'xpath://button[@type='submit']'.</msg>
<arg>${LocatorLoginButton}</arg>
<doc>Click the element identified by ``locator``.</doc>
<status status="PASS" start="2024-08-10T16:12:53.482804" elapsed="1.274870"/>
</kw>
<status status="PASS" start="2024-08-10T16:12:52.093350" elapsed="2.672328"/>
</kw>
<kw name="SearchByUsername" owner="SearchUser">
<kw name="Wait Until Element Is Visible" owner="SeleniumLibrary">
<arg>${AdminIcone}</arg>
<doc>Waits until the element ``locator`` is visible.</doc>
<status status="PASS" start="2024-08-10T16:12:54.773679" elapsed="0.880222"/>
</kw>
<kw name="Click Element" owner="SeleniumLibrary">
<msg time="2024-08-10T16:12:55.653901" level="INFO">Clicking element 'xpath://*[@href='/web/index.php/admin/viewAdminModule']'.</msg>
<arg>${AdminIcone}</arg>
<doc>Click the element identified by ``locator``.</doc>
<status status="PASS" start="2024-08-10T16:12:55.653901" elapsed="2.157880"/>
</kw>
<kw name="Wait Until Element Is Visible" owner="SeleniumLibrary">
<arg>${AdminPageUsername}</arg>
<doc>Waits until the element ``locator`` is visible.</doc>
<status status="PASS" start="2024-08-10T16:12:57.811781" elapsed="0.664161"/>
</kw>
<kw name="Input Text" owner="SeleniumLibrary">
<msg time="2024-08-10T16:12:58.475942" level="INFO">Typing text 'Admin' into text field 'xpath://label[text()='Username']/following::input[@class='oxd-input oxd-input--active']'.</msg>
<arg>${AdminPageUsername}</arg>
<arg>${JDDUsernameAdmin}</arg>
<doc>Types the given ``text`` into the text field identified by ``locator``.</doc>
<status status="PASS" start="2024-08-10T16:12:58.475942" elapsed="0.440111"/>
</kw>
<kw name="Wait Until Element Is Visible" owner="SeleniumLibrary">
<arg>${SearchButon}</arg>
<doc>Waits until the element ``locator`` is visible.</doc>
<status status="PASS" start="2024-08-10T16:12:58.924054" elapsed="0.064014"/>
</kw>
<kw name="Click Element" owner="SeleniumLibrary">
<msg time="2024-08-10T16:12:58.988068" level="INFO">Clicking element 'xpath://button[@class='oxd-button oxd-button--medium oxd-button--secondary orangehrm-left-space']'.</msg>
<arg>${SearchButon}</arg>
<doc>Click the element identified by ``locator``.</doc>
<status status="PASS" start="2024-08-10T16:12:58.988068" elapsed="0.184047"/>
</kw>
<kw name="Wait Until Element Contains" owner="SeleniumLibrary">
<arg>${SearchResultats}</arg>
<arg>${JDDUsernameAdmin}</arg>
<doc>Waits until the element ``locator`` contains ``text``.</doc>
<status status="PASS" start="2024-08-10T16:12:59.172115" elapsed="0.368091"/>
</kw>
<status status="PASS" start="2024-08-10T16:12:54.773679" elapsed="4.766527"/>
</kw>
<kw name="Close Browser" owner="SeleniumLibrary">
<doc>Closes the current browser.</doc>
<status status="PASS" start="2024-08-10T16:12:59.540206" elapsed="7.639754"/>
</kw>
<doc>Search on User by Username</doc>
<tag>crtical_6</tag>
<status status="PASS" start="2024-08-10T16:12:42.564684" elapsed="24.615276"/>
</test>
<test id="s1-t7" name="Tc7:SearchByUserRole" line="57">
<kw name="OpenPage" owner="common">
<kw name="Open Browser" owner="SeleniumLibrary">
<msg time="2024-08-10T16:13:07.203969" level="INFO">Opening browser 'chrome' to base url 'https://opensource-demo.orangehrmlive.com/web/index.php/auth/login'.</msg>
<arg>${url}</arg>
<arg>${browser}</arg>
<doc>Opens a new browser instance to the optional ``url``.</doc>
<status status="PASS" start="2024-08-10T16:13:07.203969" elapsed="7.000964"/>
</kw>
<kw name="Maximize Browser Window" owner="SeleniumLibrary">
<doc>Maximizes current browser window.</doc>
<status status="PASS" start="2024-08-10T16:13:14.204933" elapsed="0.821322"/>
</kw>
<kw name="Title Should Be" owner="SeleniumLibrary">
<msg time="2024-08-10T16:13:15.114274" level="INFO">Page title is 'OrangeHRM'.</msg>
<arg>OrangeHRM</arg>
<doc>Verifies that the current page title equals ``title``.</doc>
<status status="PASS" start="2024-08-10T16:13:15.026255" elapsed="0.088019"/>
</kw>
<status status="PASS" start="2024-08-10T16:13:07.203969" elapsed="7.918308"/>
</kw>
<kw name="Successful login with valid credentials" owner="Authentification">
<kw name="Wait Until Element Is Visible" owner="SeleniumLibrary">
<arg>${LocatorUsername}</arg>
<doc>Waits until the element ``locator`` is visible.</doc>
<status status="PASS" start="2024-08-10T16:13:15.511485" elapsed="0.370678"/>
</kw>
<kw name="Input Text" owner="SeleniumLibrary">
<msg time="2024-08-10T16:13:15.882163" level="INFO">Typing text 'Admin' into text field 'xpath://input[@name='username']'.</msg>
<arg>${LocatorUsername}</arg>
<arg>${JDDvalidUsername}</arg>
<doc>Types the given ``text`` into the text field identified by ``locator``.</doc>
<status status="PASS" start="2024-08-10T16:13:15.882163" elapsed="0.888224"/>
</kw>
<kw name="Wait Until Element Is Visible" owner="SeleniumLibrary">
<arg>${LocatorPassword}</arg>
<doc>Waits until the element ``locator`` is visible.</doc>
<status status="PASS" start="2024-08-10T16:13:16.778388" elapsed="0.180772"/>
</kw>
<kw name="Input Password" owner="SeleniumLibrary">
<msg time="2024-08-10T16:13:16.967162" level="INFO">Typing password into text field 'xpath://input[@name='password']'.</msg>
<msg time="2024-08-10T16:13:17.063185" level="INFO">Temporally setting log level to: NONE</msg>
<arg>${LocatorPassword}</arg>
<arg>${JDDvalidpassword}</arg>
<doc>Types the given password into the text field identified by ``locator``.</doc>
<status status="PASS" start="2024-08-10T16:13:16.967162" elapsed="0.328081"/>
</kw>
<kw name="Wait Until Element Is Visible" owner="SeleniumLibrary">
<arg>${LocatorLoginButton}</arg>
<doc>Waits until the element ``locator`` is visible.</doc>
<status status="PASS" start="2024-08-10T16:13:17.295243" elapsed="0.072018"/>
</kw>
<kw name="Click Element" owner="SeleniumLibrary">
<msg time="2024-08-10T16:13:17.375263" level="INFO">Clicking element 'xpath://button[@type='submit']'.</msg>
<arg>${LocatorLoginButton}</arg>
<doc>Click the element identified by ``locator``.</doc>
<status status="PASS" start="2024-08-10T16:13:17.375263" elapsed="1.176706"/>
</kw>
<status status="PASS" start="2024-08-10T16:13:15.455472" elapsed="3.104498"/>
</kw>
<kw name="SearchByUserRole" owner="SearchUser">
<kw name="Wait Until Element Is Visible" owner="SeleniumLibrary">
<arg>${AdminIcone}</arg>
<doc>Waits until the element ``locator`` is visible.</doc>
<status status="PASS" start="2024-08-10T16:13:18.575975" elapsed="0.937251"/>
</kw>
<kw name="Click Element" owner="SeleniumLibrary">
<msg time="2024-08-10T16:13:19.513226" level="INFO">Clicking element 'xpath://*[@href='/web/index.php/admin/viewAdminModule']'.</msg>
<arg>${AdminIcone}</arg>
<doc>Click the element identified by ``locator``.</doc>
<status status="PASS" start="2024-08-10T16:13:19.513226" elapsed="1.541506"/>
</kw>
<kw name="Wait Until Element Is Visible" owner="SeleniumLibrary">
<arg>${AdminUserRole}</arg>
<doc>Waits until the element ``locator`` is visible.</doc>
<status status="PASS" start="2024-08-10T16:13:21.062735" elapsed="0.576152"/>
</kw>
<kw name="Click Element" owner="SeleniumLibrary">
<msg time="2024-08-10T16:13:21.638887" level="INFO">Clicking element 'xpath://label[text()='User Role']/following::div[@data-v-67d2aedf]'.</msg>
<arg>${AdminUserRole}</arg>
<doc>Click the element identified by ``locator``.</doc>
<status status="PASS" start="2024-08-10T16:13:21.638887" elapsed="0.404909"/>
</kw>
<kw name="Run Keyword If" owner="BuiltIn">
<kw name="Click Element" owner="SeleniumLibrary">
<msg time="2024-08-10T16:13:22.051800" level="INFO">Clicking element 'xpath://*[contains(text(),'Admin')]'.</msg>
<arg>${Admina}</arg>
<doc>Click the element identified by ``locator``.</doc>
<status status="PASS" start="2024-08-10T16:13:22.043796" elapsed="0.134831"/>
</kw>
<arg>'${RO}' == "Admin"</arg>
<arg>Click Element</arg>
<arg>${Admina}</arg>
<arg>ELSE</arg>
<arg>Click Element</arg>
<arg>${ESSA}</arg>
<doc>Runs the given keyword with the given arguments, if ``condition`` is true.</doc>
<status status="PASS" start="2024-08-10T16:13:22.043796" elapsed="0.142838"/>
</kw>
<kw name="Wait Until Element Is Visible" owner="SeleniumLibrary">
<arg>${SearchButon}</arg>
<doc>Waits until the element ``locator`` is visible.</doc>
<status status="PASS" start="2024-08-10T16:13:22.186634" elapsed="0.056009"/>
</kw>
<kw name="Click Element" owner="SeleniumLibrary">
<msg time="2024-08-10T16:13:22.250644" level="INFO">Clicking element 'xpath://button[@class='oxd-button oxd-button--medium oxd-button--secondary orangehrm-left-space']'.</msg>
<arg>${SearchButon}</arg>
<doc>Click the element identified by ``locator``.</doc>
<status status="PASS" start="2024-08-10T16:13:22.250644" elapsed="0.144037"/>
</kw>
<kw name="Wait Until Element Contains" owner="SeleniumLibrary">
<arg>${SearchResultats}</arg>
<arg>${JDDUsernameAdmin}</arg>
<doc>Waits until the element ``locator`` contains ``text``.</doc>
<status status="PASS" start="2024-08-10T16:13:22.402683" elapsed="0.304877"/>
</kw>
<status status="PASS" start="2024-08-10T16:13:18.567974" elapsed="4.139586"/>
</kw>
<kw name="Close Browser" owner="SeleniumLibrary">
<doc>Closes the current browser.</doc>
<status status="PASS" start="2024-08-10T16:13:22.715563" elapsed="3.204342"/>
</kw>
<doc>Search on User by user role</doc>
<tag>critical_7</tag>
<status status="PASS" start="2024-08-10T16:13:07.203969" elapsed="18.715936"/>
</test>
<test id="s1-t8" name="Tc8:DeleteUser" line="64">
<kw name="OpenPage" owner="common">
<kw name="Open Browser" owner="SeleniumLibrary">
<msg time="2024-08-10T16:13:25.943911" level="INFO">Opening browser 'chrome' to base url 'https://opensource-demo.orangehrmlive.com/web/index.php/auth/login'.</msg>
<arg>${url}</arg>
<arg>${browser}</arg>
<doc>Opens a new browser instance to the optional ``url``.</doc>
<status status="PASS" start="2024-08-10T16:13:25.935912" elapsed="9.369740"/>
</kw>
<kw name="Maximize Browser Window" owner="SeleniumLibrary">
<doc>Maximizes current browser window.</doc>
<status status="PASS" start="2024-08-10T16:13:35.305652" elapsed="1.136008"/>
</kw>
<kw name="Title Should Be" owner="SeleniumLibrary">
<msg time="2024-08-10T16:13:36.548246" level="INFO">Page title is 'OrangeHRM'.</msg>
<arg>OrangeHRM</arg>
<doc>Verifies that the current page title equals ``title``.</doc>
<status status="PASS" start="2024-08-10T16:13:36.441660" elapsed="0.106586"/>
</kw>
<status status="PASS" start="2024-08-10T16:13:25.935912" elapsed="10.620335"/>
</kw>
<kw name="Successful login with valid credentials" owner="Authentification">
<kw name="Wait Until Element Is Visible" owner="SeleniumLibrary">
<arg>${LocatorUsername}</arg>
<doc>Waits until the element ``locator`` is visible.</doc>
<status status="PASS" start="2024-08-10T16:13:36.564249" elapsed="0.200051"/>
</kw>
<kw name="Input Text" owner="SeleniumLibrary">
<msg time="2024-08-10T16:13:36.764300" level="INFO">Typing text 'Admin' into text field 'xpath://input[@name='username']'.</msg>
<arg>${LocatorUsername}</arg>
<arg>${JDDvalidUsername}</arg>
<doc>Types the given ``text`` into the text field identified by ``locator``.</doc>
<status status="PASS" start="2024-08-10T16:13:36.764300" elapsed="0.312078"/>
</kw>
<kw name="Wait Until Element Is Visible" owner="SeleniumLibrary">
<arg>${LocatorPassword}</arg>
<doc>Waits until the element ``locator`` is visible.</doc>
<status status="PASS" start="2024-08-10T16:13:37.076378" elapsed="0.080022"/>
</kw>
<kw name="Input Password" owner="SeleniumLibrary">
<msg time="2024-08-10T16:13:37.156400" level="INFO">Typing password into text field 'xpath://input[@name='password']'.</msg>
<msg time="2024-08-10T16:13:37.292431" level="INFO">Temporally setting log level to: NONE</msg>
<arg>${LocatorPassword}</arg>
<arg>${JDDvalidpassword}</arg>
<doc>Types the given password into the text field identified by ``locator``.</doc>
<status status="PASS" start="2024-08-10T16:13:37.156400" elapsed="0.304074"/>
</kw>
<kw name="Wait Until Element Is Visible" owner="SeleniumLibrary">
<arg>${LocatorLoginButton}</arg>
<doc>Waits until the element ``locator`` is visible.</doc>
<status status="PASS" start="2024-08-10T16:13:37.460474" elapsed="0.160039"/>
</kw>
<kw name="Click Element" owner="SeleniumLibrary">
<msg time="2024-08-10T16:13:37.620513" level="INFO">Clicking element 'xpath://button[@type='submit']'.</msg>
<arg>${LocatorLoginButton}</arg>
<doc>Click the element identified by ``locator``.</doc>
<status status="PASS" start="2024-08-10T16:13:37.620513" elapsed="1.234872"/>
</kw>
<status status="PASS" start="2024-08-10T16:13:36.564249" elapsed="2.299138"/>
</kw>
<kw name="DeleteUser" owner="DeleteUser">
<kw name="Wait Until Element Is Visible" owner="SeleniumLibrary">
<arg>${AdminIcone}</arg>
<doc>Waits until the element ``locator`` is visible.</doc>
<status status="PASS" start="2024-08-10T16:13:38.873969" elapsed="1.620403"/>
</kw>
<kw name="Click Element" owner="SeleniumLibrary">
<msg time="2024-08-10T16:13:40.494372" level="INFO">Clicking element 'xpath://*[@href='/web/index.php/admin/viewAdminModule']'.</msg>
<arg>${AdminIcone}</arg>
<doc>Click the element identified by ``locator``.</doc>
<status status="PASS" start="2024-08-10T16:13:40.494372" elapsed="0.920231"/>
</kw>
<kw name="Wait Until Element Is Visible" owner="SeleniumLibrary">
<arg>${AdminPageUsername}</arg>
<doc>Waits until the element ``locator`` is visible.</doc>
<status status="PASS" start="2024-08-10T16:13:41.414603" elapsed="0.668788"/>
</kw>
<kw name="Input Text" owner="SeleniumLibrary">
<msg time="2024-08-10T16:13:42.091398" level="INFO">Typing text 'FMLName1' into text field 'xpath://label[text()='Username']/following::input[@class='oxd-input oxd-input--active']'.</msg>
<arg>${AdminPageUsername}</arg>
<arg>${JDDUsernameESSDelete}</arg>
<doc>Types the given ``text`` into the text field identified by ``locator``.</doc>
<status status="PASS" start="2024-08-10T16:13:42.091398" elapsed="0.675995"/>
</kw>
<kw name="Wait Until Element Is Visible" owner="SeleniumLibrary">
<arg>${AdminUserRole}</arg>
<doc>Waits until the element ``locator`` is visible.</doc>
<status status="PASS" start="2024-08-10T16:13:43.031460" elapsed="0.120028"/>
</kw>
<kw name="Click Element" owner="SeleniumLibrary">
<msg time="2024-08-10T16:13:43.151488" level="INFO">Clicking element 'xpath://label[text()='User Role']/following::div[@data-v-67d2aedf]'.</msg>
<arg>${AdminUserRole}</arg>
<doc>Click the element identified by ``locator``.</doc>
<status status="PASS" start="2024-08-10T16:13:43.151488" elapsed="0.176046"/>
</kw>
<kw name="Wait Until Element Is Visible" owner="SeleniumLibrary">
<arg>${ESSA}</arg>
<doc>Waits until the element ``locator`` is visible.</doc>
<status status="PASS" start="2024-08-10T16:13:43.335538" elapsed="0.080016"/>
</kw>
<kw name="Click Element" owner="SeleniumLibrary">
<msg time="2024-08-10T16:13:43.415554" level="INFO">Clicking element 'xpath://*[contains(text(),'ESS')]'.</msg>
<arg>${ESSA}</arg>
<doc>Click the element identified by ``locator``.</doc>
<status status="PASS" start="2024-08-10T16:13:43.415554" elapsed="0.152040"/>
</kw>
<kw name="Wait Until Element Is Visible" owner="SeleniumLibrary">
<arg>${SearchButon}</arg>
<doc>Waits until the element ``locator`` is visible.</doc>
<status status="PASS" start="2024-08-10T16:13:43.567594" elapsed="0.072018"/>
</kw>
<kw name="Click Element" owner="SeleniumLibrary">
<msg time="2024-08-10T16:13:43.647615" level="INFO">Clicking element 'xpath://button[@class='oxd-button oxd-button--medium oxd-button--secondary orangehrm-left-space']'.</msg>
<arg>${SearchButon}</arg>
<doc>Click the element identified by ``locator``.</doc>
<status status="PASS" start="2024-08-10T16:13:43.647615" elapsed="0.160039"/>
</kw>
<kw name="Wait Until Element Contains" owner="SeleniumLibrary">
<msg time="2024-08-10T16:13:49.463581" level="INFO" html="true">&lt;/td&gt;&lt;/tr&gt;&lt;tr&gt;&lt;td colspan="3"&gt;&lt;a href="selenium-screenshot-1.png"&gt;&lt;img src="selenium-screenshot-1.png" width="800px"&gt;&lt;/a&gt;</msg>
<msg time="2024-08-10T16:13:49.463581" level="FAIL">Element with locator 'xpath://i[@data-v-bddebfba and @class='oxd-icon bi-check oxd-checkbox-input-icon']/following::div[@data-v-6c07a142]' not found.</msg>
<arg>${SearchResultats}</arg>
<arg>${JDDUsernameESSDelete}</arg>
<doc>Waits until the element ``locator`` contains ``text``.</doc>
<status status="FAIL" start="2024-08-10T16:13:43.807654" elapsed="5.887985">Element with locator 'xpath://i[@data-v-bddebfba and @class='oxd-icon bi-check oxd-checkbox-input-icon']/following::div[@data-v-6c07a142]' not found.</status>
</kw>
<kw name="Wait Until Page Contains Element" owner="SeleniumLibrary">
<arg>${Trash}</arg>
<doc>Waits until the element ``locator`` appears on the current page.</doc>
<status status="NOT RUN" start="2024-08-10T16:13:49.695639" elapsed="0.000000"/>
</kw>
<kw name="Click Element" owner="SeleniumLibrary">
<arg>${Trash}</arg>
<doc>Click the element identified by ``locator``.</doc>
<status status="NOT RUN" start="2024-08-10T16:13:49.695639" elapsed="0.000000"/>
</kw>
<kw name="Wait Until Element Is Visible" owner="SeleniumLibrary">
<arg>${YesDelete}</arg>
<doc>Waits until the element ``locator`` is visible.</doc>
<status status="NOT RUN" start="2024-08-10T16:13:49.703641" elapsed="0.000000"/>
</kw>
<kw name="Click Element" owner="SeleniumLibrary">
<arg>${YesDelete}</arg>
<doc>Click the element identified by ``locator``.</doc>
<status status="NOT RUN" start="2024-08-10T16:13:49.703641" elapsed="0.000000"/>
</kw>
<status status="FAIL" start="2024-08-10T16:13:38.873969" elapsed="10.829672">Element with locator 'xpath://i[@data-v-bddebfba and @class='oxd-icon bi-check oxd-checkbox-input-icon']/following::div[@data-v-6c07a142]' not found.</status>
</kw>
<kw name="Close Browser" owner="SeleniumLibrary">
<doc>Closes the current browser.</doc>
<status status="NOT RUN" start="2024-08-10T16:13:49.711644" elapsed="0.000000"/>
</kw>
<doc>Delete User</doc>
<tag>critical_8</tag>
<status status="FAIL" start="2024-08-10T16:13:25.935912" elapsed="23.934411">Element with locator 'xpath://i[@data-v-bddebfba and @class='oxd-icon bi-check oxd-checkbox-input-icon']/following::div[@data-v-6c07a142]' not found.</status>
</test>
<test id="s1-t9" name="tc9:SearchByStatus" line="72">
<kw name="OpenPage" owner="common">
<kw name="Open Browser" owner="SeleniumLibrary">
<msg time="2024-08-10T16:13:50.526487" level="INFO">Opening browser 'chrome' to base url 'https://opensource-demo.orangehrmlive.com/web/index.php/auth/login'.</msg>
<arg>${url}</arg>
<arg>${browser}</arg>
<doc>Opens a new browser instance to the optional ``url``.</doc>
<status status="PASS" start="2024-08-10T16:13:50.526487" elapsed="12.243134"/>
</kw>
<kw name="Maximize Browser Window" owner="SeleniumLibrary">
<doc>Maximizes current browser window.</doc>
<status status="PASS" start="2024-08-10T16:14:02.769621" elapsed="1.164001"/>
</kw>
<kw name="Title Should Be" owner="SeleniumLibrary">
<msg time="2024-08-10T16:14:03.997637" level="INFO">Page title is 'OrangeHRM'.</msg>
<arg>OrangeHRM</arg>
<doc>Verifies that the current page title equals ``title``.</doc>
<status status="PASS" start="2024-08-10T16:14:03.941622" elapsed="0.056015"/>
</kw>
<status status="PASS" start="2024-08-10T16:13:50.510484" elapsed="13.487153"/>
</kw>
<kw name="Successful login with valid credentials" owner="Authentification">
<kw name="Wait Until Element Is Visible" owner="SeleniumLibrary">
<arg>${LocatorUsername}</arg>
<doc>Waits until the element ``locator`` is visible.</doc>
<status status="PASS" start="2024-08-10T16:14:04.013644" elapsed="0.417402"/>
</kw>
<kw name="Input Text" owner="SeleniumLibrary">
<msg time="2024-08-10T16:14:04.431046" level="INFO">Typing text 'Admin' into text field 'xpath://input[@name='username']'.</msg>
<arg>${LocatorUsername}</arg>
<arg>${JDDvalidUsername}</arg>
<doc>Types the given ``text`` into the text field identified by ``locator``.</doc>
<status status="PASS" start="2024-08-10T16:14:04.431046" elapsed="0.328082"/>
</kw>
<kw name="Wait Until Element Is Visible" owner="SeleniumLibrary">
<arg>${LocatorPassword}</arg>
<doc>Waits until the element ``locator`` is visible.</doc>
<status status="PASS" start="2024-08-10T16:14:04.767135" elapsed="0.128028"/>
</kw>
<kw name="Input Password" owner="SeleniumLibrary">
<msg time="2024-08-10T16:14:04.903166" level="INFO">Typing password into text field 'xpath://input[@name='password']'.</msg>
<msg time="2024-08-10T16:14:04.999187" level="INFO">Temporally setting log level to: NONE</msg>
<arg>${LocatorPassword}</arg>
<arg>${JDDvalidpassword}</arg>
<doc>Types the given password into the text field identified by ``locator``.</doc>
<status status="PASS" start="2024-08-10T16:14:04.903166" elapsed="0.280068"/>
</kw>
<kw name="Wait Until Element Is Visible" owner="SeleniumLibrary">
<arg>${LocatorLoginButton}</arg>
<doc>Waits until the element ``locator`` is visible.</doc>
<status status="PASS" start="2024-08-10T16:14:05.191237" elapsed="0.072016"/>
</kw>
<kw name="Click Element" owner="SeleniumLibrary">
<msg time="2024-08-10T16:14:05.263253" level="INFO">Clicking element 'xpath://button[@type='submit']'.</msg>
<arg>${LocatorLoginButton}</arg>
<doc>Click the element identified by ``locator``.</doc>
<status status="PASS" start="2024-08-10T16:14:05.263253" elapsed="1.613013"/>
</kw>
<status status="PASS" start="2024-08-10T16:14:04.013644" elapsed="3.078674"/>
</kw>
<kw name="SearchByStatus" owner="SearchUser">
<kw name="Wait Until Element Is Visible" owner="SeleniumLibrary">
<arg>${AdminIcone}</arg>
<doc>Waits until the element ``locator`` is visible.</doc>
<status status="PASS" start="2024-08-10T16:14:07.100322" elapsed="1.005272"/>
</kw>
<kw name="Click Element" owner="SeleniumLibrary">
<msg time="2024-08-10T16:14:08.105594" level="INFO">Clicking element 'xpath://*[@href='/web/index.php/admin/viewAdminModule']'.</msg>
<arg>${AdminIcone}</arg>
<doc>Click the element identified by ``locator``.</doc>
<status status="PASS" start="2024-08-10T16:14:08.105594" elapsed="1.000252"/>
</kw>
<kw name="Wait Until Element Is Visible" owner="SeleniumLibrary">
<arg>${StatusAdmin}</arg>
<doc>Waits until the element ``locator`` is visible.</doc>
<status status="PASS" start="2024-08-10T16:14:09.105846" elapsed="0.825731"/>
</kw>
<kw name="Click Element" owner="SeleniumLibrary">
<msg time="2024-08-10T16:14:09.931577" level="INFO">Clicking element 'xpath://label[text()='Status']/following::div[@data-v-67d2aedf]'.</msg>
<arg>${StatusAdmin}</arg>
<doc>Click the element identified by ``locator``.</doc>
<status status="PASS" start="2024-08-10T16:14:09.931577" elapsed="0.152035"/>
</kw>
<kw name="Run Keyword If" owner="BuiltIn">
<kw name="Click Element" owner="SeleniumLibrary">
<msg time="2024-08-10T16:14:10.091613" level="INFO">Clicking element 'xpath://*[contains(text(),'Enabled')]'.</msg>
<arg>${SelectEnableAdmin}</arg>
<doc>Click the element identified by ``locator``.</doc>
<status status="PASS" start="2024-08-10T16:14:10.091613" elapsed="0.168046"/>
</kw>
<arg>'${ROO}' == "Disabled"</arg>
<arg>Click Element</arg>
<arg>${SelectEnableAdmin}</arg>
<arg>ELSE</arg>
<arg>Click Element</arg>
<arg>${SelectDisabledAdmin}</arg>
<doc>Runs the given keyword with the given arguments, if ``condition`` is true.</doc>
<status status="PASS" start="2024-08-10T16:14:10.091613" elapsed="0.168046"/>
</kw>
<kw name="Wait Until Element Is Visible" owner="SeleniumLibrary">
<arg>${SearchButon}</arg>
<doc>Waits until the element ``locator`` is visible.</doc>
<status status="PASS" start="2024-08-10T16:14:10.259659" elapsed="0.072014"/>
</kw>
<kw name="Click Element" owner="SeleniumLibrary">
<msg time="2024-08-10T16:14:10.331673" level="INFO">Clicking element 'xpath://button[@class='oxd-button oxd-button--medium oxd-button--secondary orangehrm-left-space']'.</msg>
<arg>${SearchButon}</arg>
<doc>Click the element identified by ``locator``.</doc>
<status status="PASS" start="2024-08-10T16:14:10.331673" elapsed="0.192048"/>
</kw>
<kw name="Wait Until Element Is Visible" owner="SeleniumLibrary">
<arg>${VerifyDisabled}</arg>
<doc>Waits until the element ``locator`` is visible.</doc>
<status status="PASS" start="2024-08-10T16:14:10.531724" elapsed="0.424107"/>
</kw>
<status status="PASS" start="2024-08-10T16:14:07.100322" elapsed="3.855509"/>
</kw>
<kw name="Close Browser" owner="SeleniumLibrary">
<doc>Closes the current browser.</doc>
<status status="PASS" start="2024-08-10T16:14:10.963833" elapsed="5.511053"/>
</kw>
<doc>search by status</doc>
<tag>critical_9</tag>
<status status="PASS" start="2024-08-10T16:13:50.510484" elapsed="25.972405"/>
</test>
<test id="s1-t10" name="TC10:UpdateUser" line="80">
<kw name="OpenPage" owner="common">
<kw name="Open Browser" owner="SeleniumLibrary">
<msg time="2024-08-10T16:14:16.530903" level="INFO">Opening browser 'chrome' to base url 'https://opensource-demo.orangehrmlive.com/web/index.php/auth/login'.</msg>
<arg>${url}</arg>
<arg>${browser}</arg>
<doc>Opens a new browser instance to the optional ``url``.</doc>
<status status="PASS" start="2024-08-10T16:14:16.530903" elapsed="8.286196"/>
</kw>
<kw name="Maximize Browser Window" owner="SeleniumLibrary">
<doc>Maximizes current browser window.</doc>
<status status="PASS" start="2024-08-10T16:14:24.825102" elapsed="0.616932"/>
</kw>
<kw name="Title Should Be" owner="SeleniumLibrary">
<msg time="2024-08-10T16:14:25.710205" level="INFO">Page title is 'OrangeHRM'.</msg>
<arg>OrangeHRM</arg>
<doc>Verifies that the current page title equals ``title``.</doc>
<status status="PASS" start="2024-08-10T16:14:25.444095" elapsed="0.266110"/>
</kw>
<status status="PASS" start="2024-08-10T16:14:16.522897" elapsed="9.187308"/>
</kw>
<kw name="Successful login with valid credentials" owner="Authentification">
<kw name="Wait Until Element Is Visible" owner="SeleniumLibrary">
<arg>${LocatorUsername}</arg>
<doc>Waits until the element ``locator`` is visible.</doc>
<status status="PASS" start="2024-08-10T16:14:25.718209" elapsed="0.688172"/>
</kw>
<kw name="Input Text" owner="SeleniumLibrary">
<msg time="2024-08-10T16:14:26.414382" level="INFO">Typing text 'Admin' into text field 'xpath://input[@name='username']'.</msg>
<arg>${LocatorUsername}</arg>
<arg>${JDDvalidUsername}</arg>
<doc>Types the given ``text`` into the text field identified by ``locator``.</doc>
<status status="PASS" start="2024-08-10T16:14:26.406381" elapsed="0.352088"/>
</kw>
<kw name="Wait Until Element Is Visible" owner="SeleniumLibrary">
<arg>${LocatorPassword}</arg>
<doc>Waits until the element ``locator`` is visible.</doc>
<status status="PASS" start="2024-08-10T16:14:26.766470" elapsed="0.096024"/>
</kw>
<kw name="Input Password" owner="SeleniumLibrary">
<msg time="2024-08-10T16:14:26.862494" level="INFO">Typing password into text field 'xpath://input[@name='password']'.</msg>
<msg time="2024-08-10T16:14:26.966521" level="INFO">Temporally setting log level to: NONE</msg>
<arg>${LocatorPassword}</arg>
<arg>${JDDvalidpassword}</arg>
<doc>Types the given password into the text field identified by ``locator``.</doc>
<status status="PASS" start="2024-08-10T16:14:26.862494" elapsed="0.292608"/>
</kw>
<kw name="Wait Until Element Is Visible" owner="SeleniumLibrary">
<arg>${LocatorLoginButton}</arg>
<doc>Waits until the element ``locator`` is visible.</doc>
<status status="PASS" start="2024-08-10T16:14:27.155102" elapsed="0.072016"/>
</kw>
<kw name="Click Element" owner="SeleniumLibrary">
<msg time="2024-08-10T16:14:27.227118" level="INFO">Clicking element 'xpath://button[@type='submit']'.</msg>
<arg>${LocatorLoginButton}</arg>
<doc>Click the element identified by ``locator``.</doc>
<status status="PASS" start="2024-08-10T16:14:27.227118" elapsed="0.168040"/>
</kw>
<status status="PASS" start="2024-08-10T16:14:25.718209" elapsed="1.676949"/>
</kw>
<kw name="UpdateUser" owner="Update">
<kw name="Wait Until Element Is Visible" owner="SeleniumLibrary">
<arg>${AdminIcone}</arg>
<doc>Waits until the element ``locator`` is visible.</doc>
<status status="PASS" start="2024-08-10T16:14:27.411165" elapsed="2.193670"/>
</kw>
<kw name="Click Element" owner="SeleniumLibrary">
<msg time="2024-08-10T16:14:29.612835" level="INFO">Clicking element 'xpath://*[@href='/web/index.php/admin/viewAdminModule']'.</msg>
<arg>${AdminIcone}</arg>
<doc>Click the element identified by ``locator``.</doc>
<status status="PASS" start="2024-08-10T16:14:29.612835" elapsed="1.339096"/>
</kw>
<kw name="Wait Until Element Is Visible" owner="SeleniumLibrary">
<arg>${Editbutton}</arg>
<doc>Waits until the element ``locator`` is visible.</doc>
<status status="PASS" start="2024-08-10T16:14:30.959926" elapsed="0.896226"/>
</kw>
<kw name="Click Element" owner="SeleniumLibrary">
<msg time="2024-08-10T16:14:31.864153" level="INFO">Clicking element 'xpath://*[@class='oxd-icon bi-pencil-fill']'.</msg>
<arg>${Editbutton}</arg>
<doc>Click the element identified by ``locator``.</doc>
<status status="PASS" start="2024-08-10T16:14:31.856152" elapsed="0.569181"/>
</kw>
<kw name="Wait Until Element Is Visible" owner="SeleniumLibrary">
<arg>${changepasswordicone}</arg>
<doc>Waits until the element ``locator`` is visible.</doc>
<status status="PASS" start="2024-08-10T16:14:32.433333" elapsed="0.483794"/>
</kw>
<kw name="Click Element" owner="SeleniumLibrary">
<msg time="2024-08-10T16:14:32.925130" level="INFO">Clicking element '//label[text()='Change Password ?']/following::span[@class='oxd-checkbox-input oxd-checkbox-input--active --label-right oxd-checkbox-input']'.</msg>
<arg>${changepasswordicone}</arg>
<doc>Click the element identified by ``locator``.</doc>
<status status="PASS" start="2024-08-10T16:14:32.925130" elapsed="0.265719"/>
</kw>
<kw name="Wait Until Element Is Visible" owner="SeleniumLibrary">
<arg>${EditPassword}</arg>
<doc>Waits until the element ``locator`` is visible.</doc>
<status status="PASS" start="2024-08-10T16:14:33.198854" elapsed="0.080019"/>
</kw>
<kw name="Input Password" owner="SeleniumLibrary">
<msg time="2024-08-10T16:14:33.278873" level="INFO">Typing password into text field 'xpath://label[text()='Password']/following::input[@type='password']'.</msg>
<msg time="2024-08-10T16:14:33.383207" level="INFO">Temporally setting log level to: NONE</msg>
<arg>${EditPassword}</arg>
<arg>${EdPassword}</arg>
<doc>Types the given password into the text field identified by ``locator``.</doc>
<status status="PASS" start="2024-08-10T16:14:33.278873" elapsed="0.288839"/>
</kw>
<kw name="Wait Until Element Is Visible" owner="SeleniumLibrary">
<arg>${EditPassword}</arg>
<doc>Waits until the element ``locator`` is visible.</doc>
<status status="PASS" start="2024-08-10T16:14:33.567712" elapsed="0.056020"/>
</kw>
<kw name="Input Password" owner="SeleniumLibrary">
<msg time="2024-08-10T16:14:33.623732" level="INFO">Typing password into text field 'xpath://label[text()='Confirm Password']/following::input[@type='password']'.</msg>
<msg time="2024-08-10T16:14:33.735702" level="INFO">Temporally setting log level to: NONE</msg>
<arg>${EDitConfirmpassword}</arg>
<arg>${EdPassword}</arg>
<doc>Types the given password into the text field identified by ``locator``.</doc>
<status status="PASS" start="2024-08-10T16:14:33.623732" elapsed="0.308378"/>
</kw>
<kw name="Wait Until Element Is Visible" owner="SeleniumLibrary">
<arg>${Editsavebutton}</arg>
<doc>Waits until the element ``locator`` is visible.</doc>
<status status="PASS" start="2024-08-10T16:14:33.940112" elapsed="0.056013"/>
</kw>
<kw name="Click Element" owner="SeleniumLibrary">
<msg time="2024-08-10T16:14:33.996125" level="INFO">Clicking element 'xpath://button[@type='submit']'.</msg>
<arg>${Editsavebutton}</arg>
<doc>Click the element identified by ``locator``.</doc>
<status status="PASS" start="2024-08-10T16:14:33.996125" elapsed="0.140304"/>
</kw>
<kw name="Wait Until Page Contains" owner="SeleniumLibrary">
<arg>Success</arg>
<doc>Waits until ``text`` appears on the current page.</doc>
<status status="PASS" start="2024-08-10T16:14:34.144431" elapsed="1.545988"/>
</kw>
<status status="PASS" start="2024-08-10T16:14:27.411165" elapsed="8.279254"/>
</kw>
<doc>Update user</doc>
<tag>critical_10</tag>
<status status="PASS" start="2024-08-10T16:14:16.522897" elapsed="19.183529"/>
</test>
<status status="FAIL" start="2024-08-10T16:11:38.902535" elapsed="176.859898"/>
</suite>
<statistics>
<total>
<stat pass="8" fail="2" skip="0">All Tests</stat>
</total>
<tag>
<stat pass="1" fail="0" skip="0">critical_1</stat>
<stat pass="1" fail="0" skip="0">critical_10</stat>
<stat pass="1" fail="0" skip="0">critical_2</stat>
<stat pass="1" fail="0" skip="0">critical_3</stat>
<stat pass="1" fail="0" skip="0">critical_4</stat>
<stat pass="0" fail="1" skip="0">critical_5</stat>
<stat pass="1" fail="0" skip="0">critical_7</stat>
<stat pass="0" fail="1" skip="0">critical_8</stat>
<stat pass="1" fail="0" skip="0">critical_9</stat>
<stat pass="1" fail="0" skip="0">crtical_6</stat>
</tag>
<suite>
<stat pass="8" fail="2" skip="0" id="s1" name="ObjectPage">ObjectPage</stat>
</suite>
</statistics>
<errors>
</errors>
</robot>
