<?xml version="1.0" encoding="UTF-8"?>
<robot generator="Robot 7.0.1 (Python 3.11.5 on win32)" generated="2024-08-08T20:53:06.878402" rpa="false" schemaversion="5">
<suite id="s1" name="ObjectPage" source="C:\Projet\Test\ObjectPage.robot">
<test id="s1-t1" name="TC1:Open browser" line="15">
<kw name="OpenPage" owner="common">
<kw name="Open Browser" owner="SeleniumLibrary">
<msg time="2024-08-08T20:53:07.885438" level="INFO">Opening browser 'chrome' to base url 'https://opensource-demo.orangehrmlive.com/web/index.php/auth/login'.</msg>
<arg>${url}</arg>
<arg>${browser}</arg>
<doc>Opens a new browser instance to the optional ``url``.</doc>
<status status="PASS" start="2024-08-08T20:53:07.885438" elapsed="5.316141"/>
</kw>
<kw name="Maximize Browser Window" owner="SeleniumLibrary">
<doc>Maximizes current browser window.</doc>
<status status="PASS" start="2024-08-08T20:53:13.204710" elapsed="4.053806"/>
</kw>
<kw name="Title Should Be" owner="SeleniumLibrary">
<msg time="2024-08-08T20:53:17.300523" level="INFO">Page title is 'OrangeHRM'.</msg>
<arg>OrangeHRM</arg>
<doc>Verifies that the current page title equals ``title``.</doc>
<status status="PASS" start="2024-08-08T20:53:17.260050" elapsed="0.040473"/>
</kw>
<status status="PASS" start="2024-08-08T20:53:07.883432" elapsed="9.421164"/>
</kw>
<kw name="Close Browser" owner="SeleniumLibrary">
<doc>Closes the current browser.</doc>
<status status="PASS" start="2024-08-08T20:53:17.308677" elapsed="3.584244"/>
</kw>
<doc>Open url :OrangeHRM in chrome</doc>
<tag>critical_1</tag>
<status status="PASS" start="2024-08-08T20:53:07.882423" elapsed="13.011474"/>
</test>
<test id="s1-t2" name="TC2: Successful login with valid credentials" line="21">
<kw name="OpenPage" owner="common">
<kw name="Open Browser" owner="SeleniumLibrary">
<msg time="2024-08-08T20:53:20.911569" level="INFO">Opening browser 'chrome' to base url 'https://opensource-demo.orangehrmlive.com/web/index.php/auth/login'.</msg>
<arg>${url}</arg>
<arg>${browser}</arg>
<doc>Opens a new browser instance to the optional ``url``.</doc>
<status status="PASS" start="2024-08-08T20:53:20.911037" elapsed="11.143113"/>
</kw>
<kw name="Maximize Browser Window" owner="SeleniumLibrary">
<doc>Maximizes current browser window.</doc>
<status status="PASS" start="2024-08-08T20:53:32.059679" elapsed="0.070888"/>
</kw>
<kw name="Title Should Be" owner="SeleniumLibrary">
<msg time="2024-08-08T20:53:32.151636" level="INFO">Page title is 'OrangeHRM'.</msg>
<arg>OrangeHRM</arg>
<doc>Verifies that the current page title equals ``title``.</doc>
<status status="PASS" start="2024-08-08T20:53:32.132599" elapsed="0.019037"/>
</kw>
<status status="PASS" start="2024-08-08T20:53:20.910006" elapsed="11.246252"/>
</kw>
<kw name="Successful login with valid credentials" owner="Authentification">
<kw name="Wait Until Element Is Visible" owner="SeleniumLibrary">
<arg>${LocatorUsername}</arg>
<doc>Waits until the element ``locator`` is visible.</doc>
<status status="PASS" start="2024-08-08T20:53:32.160799" elapsed="0.491901"/>
</kw>
<kw name="Input Text" owner="SeleniumLibrary">
<msg time="2024-08-08T20:53:32.654705" level="INFO">Typing text 'Admin' into text field 'xpath://input[@name='username']'.</msg>
<arg>${LocatorUsername}</arg>
<arg>${JDDvalidUsername}</arg>
<doc>Types the given ``text`` into the text field identified by ``locator``.</doc>
<status status="PASS" start="2024-08-08T20:53:32.653707" elapsed="0.191089"/>
</kw>
<kw name="Wait Until Element Is Visible" owner="SeleniumLibrary">
<arg>${LocatorPassword}</arg>
<doc>Waits until the element ``locator`` is visible.</doc>
<status status="PASS" start="2024-08-08T20:53:32.849052" elapsed="0.047197"/>
</kw>
<kw name="Input Password" owner="SeleniumLibrary">
<msg time="2024-08-08T20:53:32.898251" level="INFO">Typing password into text field 'xpath://input[@name='password']'.</msg>
<msg time="2024-08-08T20:53:32.993292" level="INFO">Temporally setting log level to: NONE</msg>
<arg>${LocatorPassword}</arg>
<arg>${JDDvalidpassword}</arg>
<doc>Types the given password into the text field identified by ``locator``.</doc>
<status status="PASS" start="2024-08-08T20:53:32.897254" elapsed="0.273125"/>
</kw>
<kw name="Wait Until Element Is Visible" owner="SeleniumLibrary">
<arg>${LocatorLoginButton}</arg>
<doc>Waits until the element ``locator`` is visible.</doc>
<status status="PASS" start="2024-08-08T20:53:33.173850" elapsed="0.073488"/>
</kw>
<kw name="Click Element" owner="SeleniumLibrary">
<msg time="2024-08-08T20:53:33.249336" level="INFO">Clicking element 'xpath://button[@type='submit']'.</msg>
<arg>${LocatorLoginButton}</arg>
<doc>Click the element identified by ``locator``.</doc>
<status status="PASS" start="2024-08-08T20:53:33.248342" elapsed="0.151915"/>
</kw>
<status status="PASS" start="2024-08-08T20:53:32.159805" elapsed="1.244324"/>
</kw>
<kw name="Close Browser" owner="SeleniumLibrary">
<doc>Closes the current browser.</doc>
<status status="PASS" start="2024-08-08T20:53:33.406115" elapsed="3.042825"/>
</kw>
<doc>login using valid credentials</doc>
<tag>critical_2</tag>
<status status="PASS" start="2024-08-08T20:53:20.909008" elapsed="15.541070"/>
</test>
<test id="s1-t3" name="TC3:Usuccessful login with invalid credentials" line="28">
<kw name="OpenPage" owner="common">
<kw name="Open Browser" owner="SeleniumLibrary">
<msg time="2024-08-08T20:53:36.464972" level="INFO">Opening browser 'chrome' to base url 'https://opensource-demo.orangehrmlive.com/web/index.php/auth/login'.</msg>
<arg>${url}</arg>
<arg>${browser}</arg>
<doc>Opens a new browser instance to the optional ``url``.</doc>
<status status="PASS" start="2024-08-08T20:53:36.463960" elapsed="4.539443"/>
</kw>
<kw name="Maximize Browser Window" owner="SeleniumLibrary">
<doc>Maximizes current browser window.</doc>
<status status="PASS" start="2024-08-08T20:53:41.009598" elapsed="3.860305"/>
</kw>
<kw name="Title Should Be" owner="SeleniumLibrary">
<msg time="2024-08-08T20:53:44.884151" level="INFO">Page title is 'OrangeHRM'.</msg>
<arg>OrangeHRM</arg>
<doc>Verifies that the current page title equals ``title``.</doc>
<status status="PASS" start="2024-08-08T20:53:44.870905" elapsed="0.013246"/>
</kw>
<status status="PASS" start="2024-08-08T20:53:36.462699" elapsed="8.425012"/>
</kw>
<kw name="Usuccessful login with valid username &amp; Password invalid" owner="Authentification">
<kw name="Wait Until Element Is Visible" owner="SeleniumLibrary">
<arg>${LocatorUsername}</arg>
<doc>Waits until the element ``locator`` is visible.</doc>
<status status="PASS" start="2024-08-08T20:53:44.890782" elapsed="0.056194"/>
</kw>
<kw name="Input Text" owner="SeleniumLibrary">
<msg time="2024-08-08T20:53:44.948976" level="INFO">Typing text 'Admin' into text field 'xpath://input[@name='username']'.</msg>
<arg>${LocatorUsername}</arg>
<arg>${JDDinvalidUsername}</arg>
<doc>Types the given ``text`` into the text field identified by ``locator``.</doc>
<status status="PASS" start="2024-08-08T20:53:44.947975" elapsed="0.329519"/>
</kw>
<kw name="Wait Until Element Is Visible" owner="SeleniumLibrary">
<arg>${LocatorPassword}</arg>
<doc>Waits until the element ``locator`` is visible.</doc>
<status status="PASS" start="2024-08-08T20:53:45.280490" elapsed="0.040265"/>
</kw>
<kw name="Input Password" owner="SeleniumLibrary">
<msg time="2024-08-08T20:53:45.322786" level="INFO">Typing password into text field 'xpath://input[@name='password']'.</msg>
<msg time="2024-08-08T20:53:45.419885" level="INFO">Temporally setting log level to: NONE</msg>
<arg>${LocatorPassword}</arg>
<arg>${JDDinvalidpassword}</arg>
<doc>Types the given password into the text field identified by ``locator``.</doc>
<status status="PASS" start="2024-08-08T20:53:45.321829" elapsed="0.259955"/>
</kw>
<kw name="Wait Until Element Is Visible" owner="SeleniumLibrary">
<arg>${LocatorLoginButton}</arg>
<doc>Waits until the element ``locator`` is visible.</doc>
<status status="PASS" start="2024-08-08T20:53:45.585544" elapsed="0.040803"/>
</kw>
<kw name="Click Element" owner="SeleniumLibrary">
<msg time="2024-08-08T20:53:45.628343" level="INFO">Clicking element 'xpath://button[@type='submit']'.</msg>
<arg>${LocatorLoginButton}</arg>
<doc>Click the element identified by ``locator``.</doc>
<status status="PASS" start="2024-08-08T20:53:45.627346" elapsed="1.066701"/>
</kw>
<kw name="Wait Until Page Contains" owner="SeleniumLibrary">
<arg>Invalid credentials</arg>
<doc>Waits until ``text`` appears on the current page.</doc>
<status status="PASS" start="2024-08-08T20:53:46.697939" elapsed="0.323839"/>
</kw>
<status status="PASS" start="2024-08-08T20:53:44.889786" elapsed="2.133004"/>
</kw>
<kw name="Close Browser" owner="SeleniumLibrary">
<doc>Closes the current browser.</doc>
<status status="PASS" start="2024-08-08T20:53:47.023792" elapsed="3.313856"/>
</kw>
<doc>Unsuccesfull login using valid username &amp; invalid password</doc>
<tag>critical_3</tag>
<status status="PASS" start="2024-08-08T20:53:36.461613" elapsed="13.877027"/>
</test>
<test id="s1-t4" name="TC4:Usuccessful login with empty credentials" line="35">
<kw name="OpenPage" owner="common">
<kw name="Open Browser" owner="SeleniumLibrary">
<msg time="2024-08-08T20:53:50.350654" level="INFO">Opening browser 'chrome' to base url 'https://opensource-demo.orangehrmlive.com/web/index.php/auth/login'.</msg>
<arg>${url}</arg>
<arg>${browser}</arg>
<doc>Opens a new browser instance to the optional ``url``.</doc>
<status status="PASS" start="2024-08-08T20:53:50.349642" elapsed="7.420584"/>
</kw>
<kw name="Maximize Browser Window" owner="SeleniumLibrary">
<doc>Maximizes current browser window.</doc>
<status status="PASS" start="2024-08-08T20:53:57.775284" elapsed="0.593261"/>
</kw>
<kw name="Title Should Be" owner="SeleniumLibrary">
<msg time="2024-08-08T20:53:58.394579" level="INFO">Page title is 'OrangeHRM'.</msg>
<arg>OrangeHRM</arg>
<doc>Verifies that the current page title equals ``title``.</doc>
<status status="PASS" start="2024-08-08T20:53:58.370840" elapsed="0.023739"/>
</kw>
<status status="PASS" start="2024-08-08T20:53:50.348647" elapsed="8.048312"/>
</kw>
<kw name="Usuccessful login with empty credentials" owner="Authentification">
<kw name="Wait Until Element Is Visible" owner="SeleniumLibrary">
<arg>${LocatorLoginButton}</arg>
<doc>Waits until the element ``locator`` is visible.</doc>
<status status="PASS" start="2024-08-08T20:53:58.399978" elapsed="0.079219"/>
</kw>
<kw name="Click Element" owner="SeleniumLibrary">
<msg time="2024-08-08T20:53:58.480885" level="INFO">Clicking element 'xpath://button[@type='submit']'.</msg>
<arg>${LocatorLoginButton}</arg>
<doc>Click the element identified by ``locator``.</doc>
<status status="PASS" start="2024-08-08T20:53:58.480195" elapsed="0.262508"/>
</kw>
<kw name="Wait Until Page Contains" owner="SeleniumLibrary">
<arg>Login</arg>
<doc>Waits until ``text`` appears on the current page.</doc>
<status status="PASS" start="2024-08-08T20:53:58.745763" elapsed="0.037797"/>
</kw>
<status status="PASS" start="2024-08-08T20:53:58.398974" elapsed="0.385588"/>
</kw>
<kw name="Close Browser" owner="SeleniumLibrary">
<doc>Closes the current browser.</doc>
<status status="PASS" start="2024-08-08T20:53:58.785574" elapsed="3.850589"/>
</kw>
<doc>Unsuccesfull login using empty credentials</doc>
<tag>critical_4</tag>
<status status="PASS" start="2024-08-08T20:53:50.347632" elapsed="12.289526"/>
</test>
<test id="s1-t5" name="tc5:Successful AddUser" line="42">
<kw name="OpenPage" owner="common">
<kw name="Open Browser" owner="SeleniumLibrary">
<msg time="2024-08-08T20:54:02.647826" level="INFO">Opening browser 'chrome' to base url 'https://opensource-demo.orangehrmlive.com/web/index.php/auth/login'.</msg>
<arg>${url}</arg>
<arg>${browser}</arg>
<doc>Opens a new browser instance to the optional ``url``.</doc>
<status status="PASS" start="2024-08-08T20:54:02.646820" elapsed="4.598990"/>
</kw>
<kw name="Maximize Browser Window" owner="SeleniumLibrary">
<doc>Maximizes current browser window.</doc>
<status status="PASS" start="2024-08-08T20:54:07.249806" elapsed="3.494628"/>
</kw>
<kw name="Title Should Be" owner="SeleniumLibrary">
<msg time="2024-08-08T20:54:10.789561" level="INFO">Page title is 'OrangeHRM'.</msg>
<arg>OrangeHRM</arg>
<doc>Verifies that the current page title equals ``title``.</doc>
<status status="PASS" start="2024-08-08T20:54:10.745455" elapsed="0.044106"/>
</kw>
<status status="PASS" start="2024-08-08T20:54:02.645809" elapsed="8.146267"/>
</kw>
<kw name="Successful login with valid credentials" owner="Authentification">
<kw name="Wait Until Element Is Visible" owner="SeleniumLibrary">
<arg>${LocatorUsername}</arg>
<doc>Waits until the element ``locator`` is visible.</doc>
<status status="PASS" start="2024-08-08T20:54:10.795087" elapsed="0.128440"/>
</kw>
<kw name="Input Text" owner="SeleniumLibrary">
<msg time="2024-08-08T20:54:10.924530" level="INFO">Typing text 'Admin' into text field 'xpath://input[@name='username']'.</msg>
<arg>${LocatorUsername}</arg>
<arg>${JDDvalidUsername}</arg>
<doc>Types the given ``text`` into the text field identified by ``locator``.</doc>
<status status="PASS" start="2024-08-08T20:54:10.924530" elapsed="0.269034"/>
</kw>
<kw name="Wait Until Element Is Visible" owner="SeleniumLibrary">
<arg>${LocatorPassword}</arg>
<doc>Waits until the element ``locator`` is visible.</doc>
<status status="PASS" start="2024-08-08T20:54:11.197094" elapsed="0.039132"/>
</kw>
<kw name="Input Password" owner="SeleniumLibrary">
<msg time="2024-08-08T20:54:11.237226" level="INFO">Typing password into text field 'xpath://input[@name='password']'.</msg>
<msg time="2024-08-08T20:54:11.298425" level="INFO">Temporally setting log level to: NONE</msg>
<arg>${LocatorPassword}</arg>
<arg>${JDDvalidpassword}</arg>
<doc>Types the given password into the text field identified by ``locator``.</doc>
<status status="PASS" start="2024-08-08T20:54:11.237226" elapsed="0.140696"/>
</kw>
<kw name="Wait Until Element Is Visible" owner="SeleniumLibrary">
<arg>${LocatorLoginButton}</arg>
<doc>Waits until the element ``locator`` is visible.</doc>
<status status="PASS" start="2024-08-08T20:54:11.381505" elapsed="0.029937"/>
</kw>
<kw name="Click Element" owner="SeleniumLibrary">
<msg time="2024-08-08T20:54:11.412868" level="INFO">Clicking element 'xpath://button[@type='submit']'.</msg>
<arg>${LocatorLoginButton}</arg>
<doc>Click the element identified by ``locator``.</doc>
<status status="PASS" start="2024-08-08T20:54:11.412868" elapsed="0.071741"/>
</kw>
<status status="PASS" start="2024-08-08T20:54:10.794091" elapsed="0.694050"/>
</kw>
<kw name="Successuful AddUser" owner="AddUser">
<kw name="Wait Until Element Is Visible" owner="SeleniumLibrary">
<arg>${AdminIcone}</arg>
<doc>Waits until the element ``locator`` is visible.</doc>
<status status="PASS" start="2024-08-08T20:54:11.492636" elapsed="1.211203"/>
</kw>
<kw name="Click Element" owner="SeleniumLibrary">
<msg time="2024-08-08T20:54:12.705854" level="INFO">Clicking element 'xpath://*[@href='/web/index.php/admin/viewAdminModule']'.</msg>
<arg>${AdminIcone}</arg>
<doc>Click the element identified by ``locator``.</doc>
<status status="PASS" start="2024-08-08T20:54:12.704857" elapsed="0.973089"/>
</kw>
<kw name="Wait Until Element Is Visible" owner="SeleniumLibrary">
<arg>${AdminAddButton}</arg>
<doc>Waits until the element ``locator`` is visible.</doc>
<status status="PASS" start="2024-08-08T20:54:13.680351" elapsed="0.314167"/>
</kw>
<kw name="Click Element" owner="SeleniumLibrary">
<msg time="2024-08-08T20:54:13.995531" level="INFO">Clicking element 'xpath://button[@class='oxd-button oxd-button--medium oxd-button--secondary']'.</msg>
<arg>${AdminAddButton}</arg>
<doc>Click the element identified by ``locator``.</doc>
<status status="PASS" start="2024-08-08T20:54:13.994518" elapsed="0.458071"/>
</kw>
<kw name="Wait Until Element Is Visible" owner="SeleniumLibrary">
<arg>${UserRole}</arg>
<doc>Waits until the element ``locator`` is visible.</doc>
<status status="PASS" start="2024-08-08T20:54:14.455586" elapsed="0.281035"/>
</kw>
<kw name="Click Element" owner="SeleniumLibrary">
<msg time="2024-08-08T20:54:14.738628" level="INFO">Clicking element 'xpath://div[@class='oxd-select-text-input']'.</msg>
<arg>${UserRole}</arg>
<doc>Click the element identified by ``locator``.</doc>
<status status="PASS" start="2024-08-08T20:54:14.737636" elapsed="0.058092"/>
</kw>
<kw name="Wait Until Element Is Visible" owner="SeleniumLibrary">
<arg>${SelectAdmin}</arg>
<doc>Waits until the element ``locator`` is visible.</doc>
<status status="PASS" start="2024-08-08T20:54:14.798127" elapsed="0.025530"/>
</kw>
<kw name="Click Element" owner="SeleniumLibrary">
<msg time="2024-08-08T20:54:14.824695" level="INFO">Clicking element 'xpath://*[contains(text(),'Admin')]'.</msg>
<arg>${SelectAdmin}</arg>
<doc>Click the element identified by ``locator``.</doc>
<status status="PASS" start="2024-08-08T20:54:14.824695" elapsed="0.056223"/>
</kw>
<kw name="Wait Until Element Is Visible" owner="SeleniumLibrary">
<arg>${Status}</arg>
<doc>Waits until the element ``locator`` is visible.</doc>
<status status="PASS" start="2024-08-08T20:54:14.883448" elapsed="0.030154"/>
</kw>
<kw name="Click Element" owner="SeleniumLibrary">
<msg time="2024-08-08T20:54:14.914610" level="INFO">Clicking element 'xpath://label[text()='Status']/following::div[@data-v-67d2aedf]'.</msg>
<arg>${Status}</arg>
<doc>Click the element identified by ``locator``.</doc>
<status status="PASS" start="2024-08-08T20:54:14.913602" elapsed="0.061269"/>
</kw>
<kw name="Wait Until Element Is Visible" owner="SeleniumLibrary">
<arg>${SelectEnable}</arg>
<doc>Waits until the element ``locator`` is visible.</doc>
<status status="PASS" start="2024-08-08T20:54:14.977872" elapsed="0.028573"/>
</kw>
<kw name="Click Element" owner="SeleniumLibrary">
<msg time="2024-08-08T20:54:15.007447" level="INFO">Clicking element 'xpath://*[contains(text(),'Enabled')]'.</msg>
<arg>${SelectEnable}</arg>
<doc>Click the element identified by ``locator``.</doc>
<status status="PASS" start="2024-08-08T20:54:15.006445" elapsed="0.065261"/>
</kw>
<kw name="Wait Until Element Is Visible" owner="SeleniumLibrary">
<arg>${LEmployeeName}</arg>
<doc>Waits until the element ``locator`` is visible.</doc>
<status status="PASS" start="2024-08-08T20:54:15.074672" elapsed="0.027849"/>
</kw>
<kw name="Input Text" owner="SeleniumLibrary">
<msg time="2024-08-08T20:54:15.105524" level="FAIL">Variable '${JEmployeeName}' not found. Did you mean:
    ${LEmployeeName}</msg>
<arg>${LEmployeeName}</arg>
<arg>${JEmployeeName}</arg>
<doc>Types the given ``text`` into the text field identified by ``locator``.</doc>
<status status="FAIL" start="2024-08-08T20:54:15.102521" elapsed="0.003003">Variable '${JEmployeeName}' not found. Did you mean:
    ${LEmployeeName}</status>
</kw>
<kw name="Wait Until Element Is Visible" owner="SeleniumLibrary">
<arg>${Lusername}</arg>
<doc>Waits until the element ``locator`` is visible.</doc>
<status status="NOT RUN" start="2024-08-08T20:54:15.107965" elapsed="0.001026"/>
</kw>
<kw name="Input Text" owner="SeleniumLibrary">
<arg>${Lusername}</arg>
<arg>${JuserName}</arg>
<doc>Types the given ``text`` into the text field identified by ``locator``.</doc>
<status status="NOT RUN" start="2024-08-08T20:54:15.109999" elapsed="0.000000"/>
</kw>
<kw name="Wait Until Element Is Visible" owner="SeleniumLibrary">
<arg>${Lpassword}</arg>
<doc>Waits until the element ``locator`` is visible.</doc>
<status status="NOT RUN" start="2024-08-08T20:54:15.109999" elapsed="0.000000"/>
</kw>
<kw name="Input Password" owner="SeleniumLibrary">
<arg>${Lpassword}</arg>
<arg>${Jpassword}</arg>
<doc>Types the given password into the text field identified by ``locator``.</doc>
<status status="NOT RUN" start="2024-08-08T20:54:15.109999" elapsed="0.000000"/>
</kw>
<kw name="Wait Until Element Is Visible" owner="SeleniumLibrary">
<arg>${Lconfirmpassword}</arg>
<doc>Waits until the element ``locator`` is visible.</doc>
<status status="NOT RUN" start="2024-08-08T20:54:15.111633" elapsed="0.000000"/>
</kw>
<kw name="Input Password" owner="SeleniumLibrary">
<arg>${Lconfirmpassword}</arg>
<arg>${Jpassword}</arg>
<doc>Types the given password into the text field identified by ``locator``.</doc>
<status status="NOT RUN" start="2024-08-08T20:54:15.112543" elapsed="0.000000"/>
</kw>
<kw name="Wait Until Element Is Visible" owner="SeleniumLibrary">
<arg>${Lsavebutton}</arg>
<doc>Waits until the element ``locator`` is visible.</doc>
<status status="NOT RUN" start="2024-08-08T20:54:15.112543" elapsed="0.000991"/>
</kw>
<kw name="Click Element" owner="SeleniumLibrary">
<arg>${Lsavebutton}</arg>
<doc>Click the element identified by ``locator``.</doc>
<status status="NOT RUN" start="2024-08-08T20:54:15.113534" elapsed="0.000000"/>
</kw>
<status status="FAIL" start="2024-08-08T20:54:11.490099" elapsed="3.624448">Variable '${JEmployeeName}' not found. Did you mean:
    ${LEmployeeName}</status>
</kw>
<doc>Successful add user</doc>
<tag>critical_5</tag>
<status status="FAIL" start="2024-08-08T20:54:02.644513" elapsed="12.471032">Variable '${JEmployeeName}' not found. Did you mean:
    ${LEmployeeName}</status>
</test>
<test id="s1-t6" name="Tc6:SearchByUsername" line="49">
<kw name="OpenPage" owner="common">
<kw name="Open Browser" owner="SeleniumLibrary">
<msg time="2024-08-08T20:54:15.127558" level="INFO">Opening browser 'chrome' to base url 'https://opensource-demo.orangehrmlive.com/web/index.php/auth/login'.</msg>
<arg>${url}</arg>
<arg>${browser}</arg>
<doc>Opens a new browser instance to the optional ``url``.</doc>
<status status="PASS" start="2024-08-08T20:54:15.126603" elapsed="4.271284"/>
</kw>
<kw name="Maximize Browser Window" owner="SeleniumLibrary">
<doc>Maximizes current browser window.</doc>
<status status="PASS" start="2024-08-08T20:54:19.430365" elapsed="3.780333"/>
</kw>
<kw name="Title Should Be" owner="SeleniumLibrary">
<msg time="2024-08-08T20:54:23.235228" level="INFO">Page title is 'OrangeHRM'.</msg>
<arg>OrangeHRM</arg>
<doc>Verifies that the current page title equals ``title``.</doc>
<status status="PASS" start="2024-08-08T20:54:23.210698" elapsed="0.024530"/>
</kw>
<status status="PASS" start="2024-08-08T20:54:15.125573" elapsed="8.112857"/>
</kw>
<kw name="Successful login with valid credentials" owner="Authentification">
<kw name="Wait Until Element Is Visible" owner="SeleniumLibrary">
<arg>${LocatorUsername}</arg>
<doc>Waits until the element ``locator`` is visible.</doc>
<status status="PASS" start="2024-08-08T20:54:23.278766" elapsed="0.346942"/>
</kw>
<kw name="Input Text" owner="SeleniumLibrary">
<msg time="2024-08-08T20:54:23.627708" level="INFO">Typing text 'Admin' into text field 'xpath://input[@name='username']'.</msg>
<arg>${LocatorUsername}</arg>
<arg>${JDDvalidUsername}</arg>
<doc>Types the given ``text`` into the text field identified by ``locator``.</doc>
<status status="PASS" start="2024-08-08T20:54:23.626712" elapsed="0.267881"/>
</kw>
<kw name="Wait Until Element Is Visible" owner="SeleniumLibrary">
<arg>${LocatorPassword}</arg>
<doc>Waits until the element ``locator`` is visible.</doc>
<status status="PASS" start="2024-08-08T20:54:23.897128" elapsed="0.049276"/>
</kw>
<kw name="Input Password" owner="SeleniumLibrary">
<msg time="2024-08-08T20:54:23.948406" level="INFO">Typing password into text field 'xpath://input[@name='password']'.</msg>
<msg time="2024-08-08T20:54:24.027193" level="INFO">Temporally setting log level to: NONE</msg>
<arg>${LocatorPassword}</arg>
<arg>${JDDvalidpassword}</arg>
<doc>Types the given password into the text field identified by ``locator``.</doc>
<status status="PASS" start="2024-08-08T20:54:23.947403" elapsed="0.222846"/>
</kw>
<kw name="Wait Until Element Is Visible" owner="SeleniumLibrary">
<arg>${LocatorLoginButton}</arg>
<doc>Waits until the element ``locator`` is visible.</doc>
<status status="PASS" start="2024-08-08T20:54:24.173774" elapsed="0.049912"/>
</kw>
<kw name="Click Element" owner="SeleniumLibrary">
<msg time="2024-08-08T20:54:24.225725" level="INFO">Clicking element 'xpath://button[@type='submit']'.</msg>
<arg>${LocatorLoginButton}</arg>
<doc>Click the element identified by ``locator``.</doc>
<status status="PASS" start="2024-08-08T20:54:24.224709" elapsed="1.321872"/>
</kw>
<status status="PASS" start="2024-08-08T20:54:23.276746" elapsed="2.275038"/>
</kw>
<kw name="SearchByUsername" owner="SearchUser">
<kw name="Wait Until Element Is Visible" owner="SeleniumLibrary">
<arg>${AdminIcone}</arg>
<doc>Waits until the element ``locator`` is visible.</doc>
<status status="PASS" start="2024-08-08T20:54:25.578764" elapsed="0.436991"/>
</kw>
<kw name="Click Element" owner="SeleniumLibrary">
<msg time="2024-08-08T20:54:26.017775" level="INFO">Clicking element 'xpath://*[@href='/web/index.php/admin/viewAdminModule']'.</msg>
<arg>${AdminIcone}</arg>
<doc>Click the element identified by ``locator``.</doc>
<status status="PASS" start="2024-08-08T20:54:26.016775" elapsed="1.739465"/>
</kw>
<kw name="Wait Until Element Is Visible" owner="SeleniumLibrary">
<arg>${AdminPageUsername}</arg>
<doc>Waits until the element ``locator`` is visible.</doc>
<status status="PASS" start="2024-08-08T20:54:27.759572" elapsed="0.556066"/>
</kw>
<kw name="Input Text" owner="SeleniumLibrary">
<msg time="2024-08-08T20:54:28.316636" level="INFO">Typing text 'Admin' into text field 'xpath://label[text()='Username']/following::input[@class='oxd-input oxd-input--active']'.</msg>
<arg>${AdminPageUsername}</arg>
<arg>${JDDUsernameAdmin}</arg>
<doc>Types the given ``text`` into the text field identified by ``locator``.</doc>
<status status="PASS" start="2024-08-08T20:54:28.315638" elapsed="0.176074"/>
</kw>
<kw name="Wait Until Element Is Visible" owner="SeleniumLibrary">
<arg>${SearchButon}</arg>
<doc>Waits until the element ``locator`` is visible.</doc>
<status status="PASS" start="2024-08-08T20:54:28.495047" elapsed="0.068779"/>
</kw>
<kw name="Click Element" owner="SeleniumLibrary">
<msg time="2024-08-08T20:54:28.565864" level="INFO">Clicking element 'xpath://button[@class='oxd-button oxd-button--medium oxd-button--secondary orangehrm-left-space']'.</msg>
<arg>${SearchButon}</arg>
<doc>Click the element identified by ``locator``.</doc>
<status status="PASS" start="2024-08-08T20:54:28.564841" elapsed="0.138516"/>
</kw>
<kw name="Wait Until Element Contains" owner="SeleniumLibrary">
<arg>${SearchResultats}</arg>
<arg>${JDDUsernameAdmin}</arg>
<doc>Waits until the element ``locator`` contains ``text``.</doc>
<status status="PASS" start="2024-08-08T20:54:28.706598" elapsed="0.272331"/>
</kw>
<status status="PASS" start="2024-08-08T20:54:25.577743" elapsed="3.401186"/>
</kw>
<kw name="Close Browser" owner="SeleniumLibrary">
<doc>Closes the current browser.</doc>
<status status="PASS" start="2024-08-08T20:54:28.980172" elapsed="4.604330"/>
</kw>
<doc>Search on User by Username</doc>
<tag>crtical_6</tag>
<status status="PASS" start="2024-08-08T20:54:15.124561" elapsed="18.460939"/>
</test>
<test id="s1-t7" name="Tc7:SearchByUserRole" line="57">
<kw name="OpenPage" owner="common">
<kw name="Open Browser" owner="SeleniumLibrary">
<msg time="2024-08-08T20:54:33.598405" level="INFO">Opening browser 'chrome' to base url 'https://opensource-demo.orangehrmlive.com/web/index.php/auth/login'.</msg>
<arg>${url}</arg>
<arg>${browser}</arg>
<doc>Opens a new browser instance to the optional ``url``.</doc>
<status status="PASS" start="2024-08-08T20:54:33.597403" elapsed="7.696355"/>
</kw>
<kw name="Maximize Browser Window" owner="SeleniumLibrary">
<doc>Maximizes current browser window.</doc>
<status status="PASS" start="2024-08-08T20:54:41.297773" elapsed="0.443720"/>
</kw>
<kw name="Title Should Be" owner="SeleniumLibrary">
<msg time="2024-08-08T20:54:41.765968" level="INFO">Page title is 'OrangeHRM'.</msg>
<arg>OrangeHRM</arg>
<doc>Verifies that the current page title equals ``title``.</doc>
<status status="PASS" start="2024-08-08T20:54:41.742626" elapsed="0.023342"/>
</kw>
<status status="PASS" start="2024-08-08T20:54:33.596431" elapsed="8.171536"/>
</kw>
<kw name="Successful login with valid credentials" owner="Authentification">
<kw name="Wait Until Element Is Visible" owner="SeleniumLibrary">
<arg>${LocatorUsername}</arg>
<doc>Waits until the element ``locator`` is visible.</doc>
<status status="PASS" start="2024-08-08T20:54:41.773821" elapsed="0.142732"/>
</kw>
<kw name="Input Text" owner="SeleniumLibrary">
<msg time="2024-08-08T20:54:41.917561" level="INFO">Typing text 'Admin' into text field 'xpath://input[@name='username']'.</msg>
<arg>${LocatorUsername}</arg>
<arg>${JDDvalidUsername}</arg>
<doc>Types the given ``text`` into the text field identified by ``locator``.</doc>
<status status="PASS" start="2024-08-08T20:54:41.917561" elapsed="0.414255"/>
</kw>
<kw name="Wait Until Element Is Visible" owner="SeleniumLibrary">
<arg>${LocatorPassword}</arg>
<doc>Waits until the element ``locator`` is visible.</doc>
<status status="PASS" start="2024-08-08T20:54:42.335009" elapsed="0.048879"/>
</kw>
<kw name="Input Password" owner="SeleniumLibrary">
<msg time="2024-08-08T20:54:42.384902" level="INFO">Typing password into text field 'xpath://input[@name='password']'.</msg>
<msg time="2024-08-08T20:54:42.465573" level="INFO">Temporally setting log level to: NONE</msg>
<arg>${LocatorPassword}</arg>
<arg>${JDDvalidpassword}</arg>
<doc>Types the given password into the text field identified by ``locator``.</doc>
<status status="PASS" start="2024-08-08T20:54:42.383888" elapsed="0.178906"/>
</kw>
<kw name="Wait Until Element Is Visible" owner="SeleniumLibrary">
<arg>${LocatorLoginButton}</arg>
<doc>Waits until the element ``locator`` is visible.</doc>
<status status="PASS" start="2024-08-08T20:54:42.566831" elapsed="0.033024"/>
</kw>
<kw name="Click Element" owner="SeleniumLibrary">
<msg time="2024-08-08T20:54:42.599855" level="INFO">Clicking element 'xpath://button[@type='submit']'.</msg>
<arg>${LocatorLoginButton}</arg>
<doc>Click the element identified by ``locator``.</doc>
<status status="PASS" start="2024-08-08T20:54:42.599855" elapsed="0.947133"/>
</kw>
<status status="PASS" start="2024-08-08T20:54:41.771477" elapsed="1.778529"/>
</kw>
<kw name="SearchByUserRole" owner="SearchUser">
<kw name="Wait Until Element Is Visible" owner="SeleniumLibrary">
<arg>${AdminIcone}</arg>
<doc>Waits until the element ``locator`` is visible.</doc>
<status status="PASS" start="2024-08-08T20:54:43.554576" elapsed="0.339258"/>
</kw>
<kw name="Click Element" owner="SeleniumLibrary">
<msg time="2024-08-08T20:54:43.895826" level="INFO">Clicking element 'xpath://*[@href='/web/index.php/admin/viewAdminModule']'.</msg>
<arg>${AdminIcone}</arg>
<doc>Click the element identified by ``locator``.</doc>
<status status="PASS" start="2024-08-08T20:54:43.894826" elapsed="1.210221"/>
</kw>
<kw name="Wait Until Element Is Visible" owner="SeleniumLibrary">
<arg>${AdminUserRole}</arg>
<doc>Waits until the element ``locator`` is visible.</doc>
<status status="PASS" start="2024-08-08T20:54:45.107043" elapsed="0.392872"/>
</kw>
<kw name="Click Element" owner="SeleniumLibrary">
<msg time="2024-08-08T20:54:45.502813" level="INFO">Clicking element 'xpath://label[text()='User Role']/following::div[@data-v-67d2aedf]'.</msg>
<arg>${AdminUserRole}</arg>
<doc>Click the element identified by ``locator``.</doc>
<status status="PASS" start="2024-08-08T20:54:45.501489" elapsed="0.105973"/>
</kw>
<kw name="Run Keyword If" owner="BuiltIn">
<kw name="Click Element" owner="SeleniumLibrary">
<msg time="2024-08-08T20:54:45.612892" level="INFO">Clicking element 'xpath://*[contains(text(),'Admin')]'.</msg>
<arg>${Admina}</arg>
<doc>Click the element identified by ``locator``.</doc>
<status status="PASS" start="2024-08-08T20:54:45.611466" elapsed="0.091005"/>
</kw>
<arg>'${RO}' == "Admin"</arg>
<arg>Click Element</arg>
<arg>${Admina}</arg>
<arg>ELSE</arg>
<arg>Click Element</arg>
<arg>${ESSA}</arg>
<doc>Runs the given keyword with the given arguments, if ``condition`` is true.</doc>
<status status="PASS" start="2024-08-08T20:54:45.610457" elapsed="0.094730"/>
</kw>
<kw name="Wait Until Element Is Visible" owner="SeleniumLibrary">
<arg>${SearchButon}</arg>
<doc>Waits until the element ``locator`` is visible.</doc>
<status status="PASS" start="2024-08-08T20:54:45.707472" elapsed="0.032357"/>
</kw>
<kw name="Click Element" owner="SeleniumLibrary">
<msg time="2024-08-08T20:54:45.741391" level="INFO">Clicking element 'xpath://button[@class='oxd-button oxd-button--medium oxd-button--secondary orangehrm-left-space']'.</msg>
<arg>${SearchButon}</arg>
<doc>Click the element identified by ``locator``.</doc>
<status status="PASS" start="2024-08-08T20:54:45.739829" elapsed="0.112482"/>
</kw>
<kw name="Wait Until Element Contains" owner="SeleniumLibrary">
<arg>${SearchResultats}</arg>
<arg>${JDDUsernameAdmin}</arg>
<doc>Waits until the element ``locator`` contains ``text``.</doc>
<status status="PASS" start="2024-08-08T20:54:45.855325" elapsed="0.290947"/>
</kw>
<status status="PASS" start="2024-08-08T20:54:43.552578" elapsed="2.594696"/>
</kw>
<kw name="Close Browser" owner="SeleniumLibrary">
<doc>Closes the current browser.</doc>
<status status="PASS" start="2024-08-08T20:54:46.154888" elapsed="4.185400"/>
</kw>
<doc>Search on User by user role</doc>
<tag>critical_7</tag>
<status status="PASS" start="2024-08-08T20:54:33.595405" elapsed="16.745890"/>
</test>
<test id="s1-t8" name="Tc8:DeleteUser" line="64">
<kw name="OpenPage" owner="common">
<kw name="Open Browser" owner="SeleniumLibrary">
<msg time="2024-08-08T20:54:50.348930" level="INFO">Opening browser 'chrome' to base url 'https://opensource-demo.orangehrmlive.com/web/index.php/auth/login'.</msg>
<arg>${url}</arg>
<arg>${browser}</arg>
<doc>Opens a new browser instance to the optional ``url``.</doc>
<status status="PASS" start="2024-08-08T20:54:50.348930" elapsed="3.012655"/>
</kw>
<kw name="Maximize Browser Window" owner="SeleniumLibrary">
<doc>Maximizes current browser window.</doc>
<status status="PASS" start="2024-08-08T20:54:53.367117" elapsed="2.864636"/>
</kw>
<kw name="Title Should Be" owner="SeleniumLibrary">
<msg time="2024-08-08T20:54:56.265769" level="INFO">Page title is 'OrangeHRM'.</msg>
<arg>OrangeHRM</arg>
<doc>Verifies that the current page title equals ``title``.</doc>
<status status="PASS" start="2024-08-08T20:54:56.232769" elapsed="0.034002"/>
</kw>
<status status="PASS" start="2024-08-08T20:54:50.348930" elapsed="5.920841"/>
</kw>
<kw name="Successful login with valid credentials" owner="Authentification">
<kw name="Wait Until Element Is Visible" owner="SeleniumLibrary">
<arg>${LocatorUsername}</arg>
<doc>Waits until the element ``locator`` is visible.</doc>
<status status="PASS" start="2024-08-08T20:54:56.273303" elapsed="0.538652"/>
</kw>
<kw name="Input Text" owner="SeleniumLibrary">
<msg time="2024-08-08T20:54:56.814988" level="INFO">Typing text 'Admin' into text field 'xpath://input[@name='username']'.</msg>
<arg>${LocatorUsername}</arg>
<arg>${JDDvalidUsername}</arg>
<doc>Types the given ``text`` into the text field identified by ``locator``.</doc>
<status status="PASS" start="2024-08-08T20:54:56.813972" elapsed="0.361053"/>
</kw>
<kw name="Wait Until Element Is Visible" owner="SeleniumLibrary">
<arg>${LocatorPassword}</arg>
<doc>Waits until the element ``locator`` is visible.</doc>
<status status="PASS" start="2024-08-08T20:54:57.178032" elapsed="0.052001"/>
</kw>
<kw name="Input Password" owner="SeleniumLibrary">
<msg time="2024-08-08T20:54:57.231706" level="INFO">Typing password into text field 'xpath://input[@name='password']'.</msg>
<msg time="2024-08-08T20:54:57.294263" level="INFO">Temporally setting log level to: NONE</msg>
<arg>${LocatorPassword}</arg>
<arg>${JDDvalidpassword}</arg>
<doc>Types the given password into the text field identified by ``locator``.</doc>
<status status="PASS" start="2024-08-08T20:54:57.230631" elapsed="0.160038"/>
</kw>
<kw name="Wait Until Element Is Visible" owner="SeleniumLibrary">
<arg>${LocatorLoginButton}</arg>
<doc>Waits until the element ``locator`` is visible.</doc>
<status status="PASS" start="2024-08-08T20:54:57.393916" elapsed="0.028763"/>
</kw>
<kw name="Click Element" owner="SeleniumLibrary">
<msg time="2024-08-08T20:54:57.423680" level="INFO">Clicking element 'xpath://button[@type='submit']'.</msg>
<arg>${LocatorLoginButton}</arg>
<doc>Click the element identified by ``locator``.</doc>
<status status="PASS" start="2024-08-08T20:54:57.423680" elapsed="0.937881"/>
</kw>
<status status="PASS" start="2024-08-08T20:54:56.273303" elapsed="2.091732"/>
</kw>
<kw name="DeleteUser" owner="DeleteUser">
<kw name="Wait Until Element Is Visible" owner="SeleniumLibrary">
<arg>${AdminIcone}</arg>
<doc>Waits until the element ``locator`` is visible.</doc>
<status status="PASS" start="2024-08-08T20:54:58.370567" elapsed="0.321183"/>
</kw>
<kw name="Click Element" owner="SeleniumLibrary">
<msg time="2024-08-08T20:54:58.692858" level="INFO">Clicking element 'xpath://*[@href='/web/index.php/admin/viewAdminModule']'.</msg>
<arg>${AdminIcone}</arg>
<doc>Click the element identified by ``locator``.</doc>
<status status="PASS" start="2024-08-08T20:54:58.692858" elapsed="1.106096"/>
</kw>
<kw name="Wait Until Element Is Visible" owner="SeleniumLibrary">
<arg>${AdminPageUsername}</arg>
<doc>Waits until the element ``locator`` is visible.</doc>
<status status="PASS" start="2024-08-08T20:54:59.802001" elapsed="0.405048"/>
</kw>
<kw name="Input Text" owner="SeleniumLibrary">
<msg time="2024-08-08T20:55:00.209048" level="INFO">Typing text 'FMLName1' into text field 'xpath://label[text()='Username']/following::input[@class='oxd-input oxd-input--active']'.</msg>
<arg>${AdminPageUsername}</arg>
<arg>${JDDUsernameESSDelete}</arg>
<doc>Types the given ``text`` into the text field identified by ``locator``.</doc>
<status status="PASS" start="2024-08-08T20:55:00.208049" elapsed="0.306339"/>
</kw>
<kw name="Wait Until Element Is Visible" owner="SeleniumLibrary">
<arg>${AdminUserRole}</arg>
<doc>Waits until the element ``locator`` is visible.</doc>
<status status="PASS" start="2024-08-08T20:55:00.517718" elapsed="0.032498"/>
</kw>
<kw name="Click Element" owner="SeleniumLibrary">
<msg time="2024-08-08T20:55:00.551725" level="INFO">Clicking element 'xpath://label[text()='User Role']/following::div[@data-v-67d2aedf]'.</msg>
<arg>${AdminUserRole}</arg>
<doc>Click the element identified by ``locator``.</doc>
<status status="PASS" start="2024-08-08T20:55:00.551725" elapsed="0.073638"/>
</kw>
<kw name="Wait Until Element Is Visible" owner="SeleniumLibrary">
<arg>${ESSA}</arg>
<doc>Waits until the element ``locator`` is visible.</doc>
<status status="PASS" start="2024-08-08T20:55:00.629039" elapsed="0.036642"/>
</kw>
<kw name="Click Element" owner="SeleniumLibrary">
<msg time="2024-08-08T20:55:00.666694" level="INFO">Clicking element 'xpath://*[contains(text(),'ESS')]'.</msg>
<arg>${ESSA}</arg>
<doc>Click the element identified by ``locator``.</doc>
<status status="PASS" start="2024-08-08T20:55:00.665681" elapsed="0.083071"/>
</kw>
<kw name="Wait Until Element Is Visible" owner="SeleniumLibrary">
<arg>${SearchButon}</arg>
<doc>Waits until the element ``locator`` is visible.</doc>
<status status="PASS" start="2024-08-08T20:55:00.752318" elapsed="0.042217"/>
</kw>
<kw name="Click Element" owner="SeleniumLibrary">
<msg time="2024-08-08T20:55:00.795537" level="INFO">Clicking element 'xpath://button[@class='oxd-button oxd-button--medium oxd-button--secondary orangehrm-left-space']'.</msg>
<arg>${SearchButon}</arg>
<doc>Click the element identified by ``locator``.</doc>
<status status="PASS" start="2024-08-08T20:55:00.795537" elapsed="0.084568"/>
</kw>
<kw name="Wait Until Element Contains" owner="SeleniumLibrary">
<msg time="2024-08-08T20:55:06.148428" level="INFO" html="true">&lt;/td&gt;&lt;/tr&gt;&lt;tr&gt;&lt;td colspan="3"&gt;&lt;a href="selenium-screenshot-1.png"&gt;&lt;img src="selenium-screenshot-1.png" width="800px"&gt;&lt;/a&gt;</msg>
<msg time="2024-08-08T20:55:06.149736" level="FAIL">Element with locator 'xpath://i[@data-v-bddebfba and @class='oxd-icon bi-check oxd-checkbox-input-icon']/following::div[@data-v-6c07a142]' not found.</msg>
<arg>${SearchResultats}</arg>
<arg>${JDDUsernameESSDelete}</arg>
<doc>Waits until the element ``locator`` contains ``text``.</doc>
<status status="FAIL" start="2024-08-08T20:55:00.883629" elapsed="5.271135">Element with locator 'xpath://i[@data-v-bddebfba and @class='oxd-icon bi-check oxd-checkbox-input-icon']/following::div[@data-v-6c07a142]' not found.</status>
</kw>
<kw name="Wait Until Page Contains Element" owner="SeleniumLibrary">
<arg>${Trash}</arg>
<doc>Waits until the element ``locator`` appears on the current page.</doc>
<status status="NOT RUN" start="2024-08-08T20:55:06.158426" elapsed="0.001012"/>
</kw>
<kw name="Click Element" owner="SeleniumLibrary">
<arg>${Trash}</arg>
<doc>Click the element identified by ``locator``.</doc>
<status status="NOT RUN" start="2024-08-08T20:55:06.160441" elapsed="0.000000"/>
</kw>
<kw name="Wait Until Element Is Visible" owner="SeleniumLibrary">
<arg>${YesDelete}</arg>
<doc>Waits until the element ``locator`` is visible.</doc>
<status status="NOT RUN" start="2024-08-08T20:55:06.161952" elapsed="0.000000"/>
</kw>
<kw name="Click Element" owner="SeleniumLibrary">
<arg>${YesDelete}</arg>
<doc>Click the element identified by ``locator``.</doc>
<status status="NOT RUN" start="2024-08-08T20:55:06.162964" elapsed="0.000000"/>
</kw>
<status status="FAIL" start="2024-08-08T20:54:58.369598" elapsed="7.794366">Element with locator 'xpath://i[@data-v-bddebfba and @class='oxd-icon bi-check oxd-checkbox-input-icon']/following::div[@data-v-6c07a142]' not found.</status>
</kw>
<kw name="Close Browser" owner="SeleniumLibrary">
<doc>Closes the current browser.</doc>
<status status="NOT RUN" start="2024-08-08T20:55:06.164976" elapsed="0.002002"/>
</kw>
<doc>Delete User</doc>
<tag>critical_8</tag>
<status status="FAIL" start="2024-08-08T20:54:50.347890" elapsed="15.820454">Element with locator 'xpath://i[@data-v-bddebfba and @class='oxd-icon bi-check oxd-checkbox-input-icon']/following::div[@data-v-6c07a142]' not found.</status>
</test>
<test id="s1-t9" name="tc9:SearchByStatus" line="72">
<kw name="OpenPage" owner="common">
<kw name="Open Browser" owner="SeleniumLibrary">
<msg time="2024-08-08T20:55:06.188524" level="INFO">Opening browser 'chrome' to base url 'https://opensource-demo.orangehrmlive.com/web/index.php/auth/login'.</msg>
<arg>${url}</arg>
<arg>${browser}</arg>
<doc>Opens a new browser instance to the optional ``url``.</doc>
<status status="PASS" start="2024-08-08T20:55:06.187525" elapsed="4.560211"/>
</kw>
<kw name="Maximize Browser Window" owner="SeleniumLibrary">
<doc>Maximizes current browser window.</doc>
<status status="PASS" start="2024-08-08T20:55:10.751273" elapsed="5.718423"/>
</kw>
<kw name="Title Should Be" owner="SeleniumLibrary">
<msg time="2024-08-08T20:55:16.493491" level="INFO">Page title is 'OrangeHRM'.</msg>
<arg>OrangeHRM</arg>
<doc>Verifies that the current page title equals ``title``.</doc>
<status status="PASS" start="2024-08-08T20:55:16.470712" elapsed="0.022779"/>
</kw>
<status status="PASS" start="2024-08-08T20:55:06.185073" elapsed="10.312889"/>
</kw>
<kw name="Successful login with valid credentials" owner="Authentification">
<kw name="Wait Until Element Is Visible" owner="SeleniumLibrary">
<arg>${LocatorUsername}</arg>
<doc>Waits until the element ``locator`` is visible.</doc>
<status status="PASS" start="2024-08-08T20:55:16.500405" elapsed="0.057665"/>
</kw>
<kw name="Input Text" owner="SeleniumLibrary">
<msg time="2024-08-08T20:55:16.559601" level="INFO">Typing text 'Admin' into text field 'xpath://input[@name='username']'.</msg>
<arg>${LocatorUsername}</arg>
<arg>${JDDvalidUsername}</arg>
<doc>Types the given ``text`` into the text field identified by ``locator``.</doc>
<status status="PASS" start="2024-08-08T20:55:16.558584" elapsed="0.308449"/>
</kw>
<kw name="Wait Until Element Is Visible" owner="SeleniumLibrary">
<arg>${LocatorPassword}</arg>
<doc>Waits until the element ``locator`` is visible.</doc>
<status status="PASS" start="2024-08-08T20:55:16.870274" elapsed="0.086153"/>
</kw>
<kw name="Input Password" owner="SeleniumLibrary">
<msg time="2024-08-08T20:55:16.958427" level="INFO">Typing password into text field 'xpath://input[@name='password']'.</msg>
<msg time="2024-08-08T20:55:17.104636" level="INFO">Temporally setting log level to: NONE</msg>
<arg>${LocatorPassword}</arg>
<arg>${JDDvalidpassword}</arg>
<doc>Types the given password into the text field identified by ``locator``.</doc>
<status status="PASS" start="2024-08-08T20:55:16.957424" elapsed="0.277466"/>
</kw>
<kw name="Wait Until Element Is Visible" owner="SeleniumLibrary">
<arg>${LocatorLoginButton}</arg>
<doc>Waits until the element ``locator`` is visible.</doc>
<status status="PASS" start="2024-08-08T20:55:17.238906" elapsed="0.036920"/>
</kw>
<kw name="Click Element" owner="SeleniumLibrary">
<msg time="2024-08-08T20:55:17.276776" level="INFO">Clicking element 'xpath://button[@type='submit']'.</msg>
<arg>${LocatorLoginButton}</arg>
<doc>Click the element identified by ``locator``.</doc>
<status status="PASS" start="2024-08-08T20:55:17.275826" elapsed="0.074849"/>
</kw>
<status status="PASS" start="2024-08-08T20:55:16.498973" elapsed="0.853821"/>
</kw>
<kw name="SearchByStatus" owner="SearchUser">
<kw name="Wait Until Element Is Visible" owner="SeleniumLibrary">
<arg>${AdminIcone}</arg>
<doc>Waits until the element ``locator`` is visible.</doc>
<status status="PASS" start="2024-08-08T20:55:17.354870" elapsed="1.512575"/>
</kw>
<kw name="Click Element" owner="SeleniumLibrary">
<msg time="2024-08-08T20:55:18.868871" level="INFO">Clicking element 'xpath://*[@href='/web/index.php/admin/viewAdminModule']'.</msg>
<arg>${AdminIcone}</arg>
<doc>Click the element identified by ``locator``.</doc>
<status status="PASS" start="2024-08-08T20:55:18.868871" elapsed="1.506056"/>
</kw>
<kw name="Wait Until Element Is Visible" owner="SeleniumLibrary">
<arg>${StatusAdmin}</arg>
<doc>Waits until the element ``locator`` is visible.</doc>
<status status="PASS" start="2024-08-08T20:55:20.390298" elapsed="0.514242"/>
</kw>
<kw name="Click Element" owner="SeleniumLibrary">
<msg time="2024-08-08T20:55:20.905902" level="INFO">Clicking element 'xpath://label[text()='Status']/following::div[@data-v-67d2aedf]'.</msg>
<arg>${StatusAdmin}</arg>
<doc>Click the element identified by ``locator``.</doc>
<status status="PASS" start="2024-08-08T20:55:20.905902" elapsed="0.184681"/>
</kw>
<kw name="Run Keyword If" owner="BuiltIn">
<kw name="Click Element" owner="SeleniumLibrary">
<msg time="2024-08-08T20:55:21.097127" level="INFO">Clicking element 'xpath://*[contains(text(),'Enabled')]'.</msg>
<arg>${SelectEnableAdmin}</arg>
<doc>Click the element identified by ``locator``.</doc>
<status status="PASS" start="2024-08-08T20:55:21.096151" elapsed="0.224323"/>
</kw>
<arg>'${ROO}' == "Disabled"</arg>
<arg>Click Element</arg>
<arg>${SelectEnableAdmin}</arg>
<arg>ELSE</arg>
<arg>Click Element</arg>
<arg>${SelectDisabledAdmin}</arg>
<doc>Runs the given keyword with the given arguments, if ``condition`` is true.</doc>
<status status="PASS" start="2024-08-08T20:55:21.095128" elapsed="0.228875"/>
</kw>
<kw name="Wait Until Element Is Visible" owner="SeleniumLibrary">
<arg>${SearchButon}</arg>
<doc>Waits until the element ``locator`` is visible.</doc>
<status status="PASS" start="2024-08-08T20:55:21.325002" elapsed="0.042721"/>
</kw>
<kw name="Click Element" owner="SeleniumLibrary">
<msg time="2024-08-08T20:55:21.369189" level="INFO">Clicking element 'xpath://button[@class='oxd-button oxd-button--medium oxd-button--secondary orangehrm-left-space']'.</msg>
<arg>${SearchButon}</arg>
<doc>Click the element identified by ``locator``.</doc>
<status status="PASS" start="2024-08-08T20:55:21.369189" elapsed="0.105618"/>
</kw>
<kw name="Wait Until Element Is Visible" owner="SeleniumLibrary">
<arg>${VerifyDisabled}</arg>
<doc>Waits until the element ``locator`` is visible.</doc>
<status status="PASS" start="2024-08-08T20:55:21.478569" elapsed="0.488291"/>
</kw>
<status status="PASS" start="2024-08-08T20:55:17.354870" elapsed="4.613009"/>
</kw>
<kw name="Close Browser" owner="SeleniumLibrary">
<doc>Closes the current browser.</doc>
<status status="PASS" start="2024-08-08T20:55:21.969878" elapsed="3.345639"/>
</kw>
<doc>search by status</doc>
<tag>critical_9</tag>
<status status="PASS" start="2024-08-08T20:55:06.184054" elapsed="19.132463"/>
</test>
<test id="s1-t10" name="TC10:UpdateUser" line="80">
<kw name="OpenPage" owner="common">
<kw name="Open Browser" owner="SeleniumLibrary">
<msg time="2024-08-08T20:55:25.327231" level="INFO">Opening browser 'chrome' to base url 'https://opensource-demo.orangehrmlive.com/web/index.php/auth/login'.</msg>
<arg>${url}</arg>
<arg>${browser}</arg>
<doc>Opens a new browser instance to the optional ``url``.</doc>
<status status="PASS" start="2024-08-08T20:55:25.327231" elapsed="32.993294"/>
</kw>
<kw name="Maximize Browser Window" owner="SeleniumLibrary">
<doc>Maximizes current browser window.</doc>
<status status="PASS" start="2024-08-08T20:55:58.324055" elapsed="0.416826"/>
</kw>
<kw name="Title Should Be" owner="SeleniumLibrary">
<msg time="2024-08-08T20:55:58.769227" level="INFO">Page title is 'OrangeHRM'.</msg>
<arg>OrangeHRM</arg>
<doc>Verifies that the current page title equals ``title``.</doc>
<status status="PASS" start="2024-08-08T20:55:58.742416" elapsed="0.027839"/>
</kw>
<status status="PASS" start="2024-08-08T20:55:25.326220" elapsed="33.450644"/>
</kw>
<kw name="Successful login with valid credentials" owner="Authentification">
<kw name="Wait Until Element Is Visible" owner="SeleniumLibrary">
<arg>${LocatorUsername}</arg>
<doc>Waits until the element ``locator`` is visible.</doc>
<status status="PASS" start="2024-08-08T20:55:58.781379" elapsed="0.467595"/>
</kw>
<kw name="Input Text" owner="SeleniumLibrary">
<msg time="2024-08-08T20:55:59.253402" level="INFO">Typing text 'Admin' into text field 'xpath://input[@name='username']'.</msg>
<arg>${LocatorUsername}</arg>
<arg>${JDDvalidUsername}</arg>
<doc>Types the given ``text`` into the text field identified by ``locator``.</doc>
<status status="PASS" start="2024-08-08T20:55:59.251441" elapsed="0.382045"/>
</kw>
<kw name="Wait Until Element Is Visible" owner="SeleniumLibrary">
<arg>${LocatorPassword}</arg>
<doc>Waits until the element ``locator`` is visible.</doc>
<status status="PASS" start="2024-08-08T20:55:59.638483" elapsed="0.053050"/>
</kw>
<kw name="Input Password" owner="SeleniumLibrary">
<msg time="2024-08-08T20:55:59.692491" level="INFO">Typing password into text field 'xpath://input[@name='password']'.</msg>
<msg time="2024-08-08T20:55:59.768721" level="INFO">Temporally setting log level to: NONE</msg>
<arg>${LocatorPassword}</arg>
<arg>${JDDvalidpassword}</arg>
<doc>Types the given password into the text field identified by ``locator``.</doc>
<status status="PASS" start="2024-08-08T20:55:59.691533" elapsed="0.217238"/>
</kw>
<kw name="Wait Until Element Is Visible" owner="SeleniumLibrary">
<arg>${LocatorLoginButton}</arg>
<doc>Waits until the element ``locator`` is visible.</doc>
<status status="PASS" start="2024-08-08T20:55:59.911307" elapsed="0.045587"/>
</kw>
<kw name="Click Element" owner="SeleniumLibrary">
<msg time="2024-08-08T20:55:59.957901" level="INFO">Clicking element 'xpath://button[@type='submit']'.</msg>
<arg>${LocatorLoginButton}</arg>
<doc>Click the element identified by ``locator``.</doc>
<status status="PASS" start="2024-08-08T20:55:59.957901" elapsed="1.136936"/>
</kw>
<status status="PASS" start="2024-08-08T20:55:58.779862" elapsed="2.319980"/>
</kw>
<kw name="UpdateUser" owner="Update">
<kw name="Wait Until Element Is Visible" owner="SeleniumLibrary">
<arg>${AdminIcone}</arg>
<doc>Waits until the element ``locator`` is visible.</doc>
<status status="PASS" start="2024-08-08T20:56:01.108411" elapsed="0.618833"/>
</kw>
<kw name="Click Element" owner="SeleniumLibrary">
<msg time="2024-08-08T20:56:01.729249" level="INFO">Clicking element 'xpath://*[@href='/web/index.php/admin/viewAdminModule']'.</msg>
<arg>${AdminIcone}</arg>
<doc>Click the element identified by ``locator``.</doc>
<status status="PASS" start="2024-08-08T20:56:01.728246" elapsed="1.791914"/>
</kw>
<kw name="Wait Until Element Is Visible" owner="SeleniumLibrary">
<arg>${Editbutton}</arg>
<doc>Waits until the element ``locator`` is visible.</doc>
<status status="PASS" start="2024-08-08T20:56:03.525743" elapsed="1.084307"/>
</kw>
<kw name="Click Element" owner="SeleniumLibrary">
<msg time="2024-08-08T20:56:04.611626" level="INFO">Clicking element 'xpath://*[@class='oxd-icon bi-pencil-fill']'.</msg>
<arg>${Editbutton}</arg>
<doc>Click the element identified by ``locator``.</doc>
<status status="PASS" start="2024-08-08T20:56:04.610050" elapsed="2.739911"/>
</kw>
<kw name="Wait Until Element Is Visible" owner="SeleniumLibrary">
<arg>${changepasswordicone}</arg>
<doc>Waits until the element ``locator`` is visible.</doc>
<status status="PASS" start="2024-08-08T20:56:07.356093" elapsed="1.050061"/>
</kw>
<kw name="Click Element" owner="SeleniumLibrary">
<msg time="2024-08-08T20:56:08.408140" level="INFO">Clicking element '//label[text()='Change Password ?']/following::span[@class='oxd-checkbox-input oxd-checkbox-input--active --label-right oxd-checkbox-input']'.</msg>
<arg>${changepasswordicone}</arg>
<doc>Click the element identified by ``locator``.</doc>
<status status="PASS" start="2024-08-08T20:56:08.407151" elapsed="0.542253"/>
</kw>
<kw name="Wait Until Element Is Visible" owner="SeleniumLibrary">
<arg>${EditPassword}</arg>
<doc>Waits until the element ``locator`` is visible.</doc>
<status status="PASS" start="2024-08-08T20:56:08.955004" elapsed="0.231876"/>
</kw>
<kw name="Input Password" owner="SeleniumLibrary">
<msg time="2024-08-08T20:56:09.191445" level="INFO">Typing password into text field 'xpath://label[text()='Password']/following::input[@type='password']'.</msg>
<msg time="2024-08-08T20:56:09.477130" level="INFO">Temporally setting log level to: NONE</msg>
<arg>${EditPassword}</arg>
<arg>${EdPassword}</arg>
<doc>Types the given password into the text field identified by ``locator``.</doc>
<status status="PASS" start="2024-08-08T20:56:09.189870" elapsed="0.605051"/>
</kw>
<kw name="Wait Until Element Is Visible" owner="SeleniumLibrary">
<arg>${EditPassword}</arg>
<doc>Waits until the element ``locator`` is visible.</doc>
<status status="PASS" start="2024-08-08T20:56:09.797936" elapsed="0.068668"/>
</kw>
<kw name="Input Password" owner="SeleniumLibrary">
<msg time="2024-08-08T20:56:09.868608" level="INFO">Typing password into text field 'xpath://label[text()='Confirm Password']/following::input[@type='password']'.</msg>
<msg time="2024-08-08T20:56:10.006508" level="INFO">Temporally setting log level to: NONE</msg>
<arg>${EDitConfirmpassword}</arg>
<arg>${EdPassword}</arg>
<doc>Types the given password into the text field identified by ``locator``.</doc>
<status status="PASS" start="2024-08-08T20:56:09.867607" elapsed="0.420227"/>
</kw>
<kw name="Wait Until Element Is Visible" owner="SeleniumLibrary">
<arg>${Editsavebutton}</arg>
<doc>Waits until the element ``locator`` is visible.</doc>
<status status="PASS" start="2024-08-08T20:56:10.292734" elapsed="0.085626"/>
</kw>
<kw name="Click Element" owner="SeleniumLibrary">
<msg time="2024-08-08T20:56:10.380463" level="INFO">Clicking element 'xpath://button[@type='submit']'.</msg>
<arg>${Editsavebutton}</arg>
<doc>Click the element identified by ``locator``.</doc>
<status status="PASS" start="2024-08-08T20:56:10.379927" elapsed="0.230081"/>
</kw>
<kw name="Wait Until Page Contains" owner="SeleniumLibrary">
<arg>Success</arg>
<doc>Waits until ``text`` appears on the current page.</doc>
<status status="PASS" start="2024-08-08T20:56:10.612540" elapsed="1.173556"/>
</kw>
<status status="PASS" start="2024-08-08T20:56:01.106407" elapsed="10.680684"/>
</kw>
<kw name="Close Browser" owner="SeleniumLibrary">
<doc>Closes the current browser.</doc>
<status status="PASS" start="2024-08-08T20:56:11.788110" elapsed="3.023380"/>
</kw>
<doc>Update user</doc>
<tag>critical_10</tag>
<status status="PASS" start="2024-08-08T20:55:25.324709" elapsed="49.487738"/>
</test>
<test id="s1-t11" name="TC11:ResetPage" line="88">
<kw name="OpenPage" owner="common">
<kw name="Open Browser" owner="SeleniumLibrary">
<msg time="2024-08-08T20:56:14.824891" level="INFO">Opening browser 'chrome' to base url 'https://opensource-demo.orangehrmlive.com/web/index.php/auth/login'.</msg>
<arg>${url}</arg>
<arg>${browser}</arg>
<doc>Opens a new browser instance to the optional ``url``.</doc>
<status status="PASS" start="2024-08-08T20:56:14.823877" elapsed="4.726083"/>
</kw>
<kw name="Maximize Browser Window" owner="SeleniumLibrary">
<doc>Maximizes current browser window.</doc>
<status status="PASS" start="2024-08-08T20:56:19.555183" elapsed="3.011512"/>
</kw>
<kw name="Title Should Be" owner="SeleniumLibrary">
<msg time="2024-08-08T20:56:22.592112" level="INFO">Page title is 'OrangeHRM'.</msg>
<arg>OrangeHRM</arg>
<doc>Verifies that the current page title equals ``title``.</doc>
<status status="PASS" start="2024-08-08T20:56:22.568697" elapsed="0.023415"/>
</kw>
<status status="PASS" start="2024-08-08T20:56:14.823877" elapsed="7.771342"/>
</kw>
<kw name="Successful login with valid credentials" owner="Authentification">
<kw name="Wait Until Element Is Visible" owner="SeleniumLibrary">
<arg>${LocatorUsername}</arg>
<doc>Waits until the element ``locator`` is visible.</doc>
<status status="PASS" start="2024-08-08T20:56:22.598361" elapsed="0.702107"/>
</kw>
<kw name="Input Text" owner="SeleniumLibrary">
<msg time="2024-08-08T20:56:23.304529" level="INFO">Typing text 'Admin' into text field 'xpath://input[@name='username']'.</msg>
<arg>${LocatorUsername}</arg>
<arg>${JDDvalidUsername}</arg>
<doc>Types the given ``text`` into the text field identified by ``locator``.</doc>
<status status="PASS" start="2024-08-08T20:56:23.302533" elapsed="0.570550"/>
</kw>
<kw name="Wait Until Element Is Visible" owner="SeleniumLibrary">
<arg>${LocatorPassword}</arg>
<doc>Waits until the element ``locator`` is visible.</doc>
<status status="PASS" start="2024-08-08T20:56:23.876080" elapsed="0.111809"/>
</kw>
<kw name="Input Password" owner="SeleniumLibrary">
<msg time="2024-08-08T20:56:23.990661" level="INFO">Typing password into text field 'xpath://input[@name='password']'.</msg>
<msg time="2024-08-08T20:56:24.237801" level="INFO">Temporally setting log level to: NONE</msg>
<arg>${LocatorPassword}</arg>
<arg>${JDDvalidpassword}</arg>
<doc>Types the given password into the text field identified by ``locator``.</doc>
<status status="PASS" start="2024-08-08T20:56:23.989123" elapsed="0.584726"/>
</kw>
<kw name="Wait Until Element Is Visible" owner="SeleniumLibrary">
<arg>${LocatorLoginButton}</arg>
<doc>Waits until the element ``locator`` is visible.</doc>
<status status="PASS" start="2024-08-08T20:56:24.577883" elapsed="0.062209"/>
</kw>
<kw name="Click Element" owner="SeleniumLibrary">
<msg time="2024-08-08T20:56:24.642339" level="INFO">Clicking element 'xpath://button[@type='submit']'.</msg>
<arg>${LocatorLoginButton}</arg>
<doc>Click the element identified by ``locator``.</doc>
<status status="PASS" start="2024-08-08T20:56:24.641320" elapsed="1.420180"/>
</kw>
<status status="PASS" start="2024-08-08T20:56:22.597228" elapsed="3.467300"/>
</kw>
<kw name="Resetpage" owner="Update">
<kw name="Wait Until Element Is Visible" owner="SeleniumLibrary">
<arg>${AdminIcone}</arg>
<doc>Waits until the element ``locator`` is visible.</doc>
<status status="PASS" start="2024-08-08T20:56:26.073052" elapsed="0.585225"/>
</kw>
<kw name="Click Element" owner="SeleniumLibrary">
<msg time="2024-08-08T20:56:26.661277" level="INFO">Clicking element 'xpath://*[@href='/web/index.php/admin/viewAdminModule']'.</msg>
<arg>${AdminIcone}</arg>
<doc>Click the element identified by ``locator``.</doc>
<status status="PASS" start="2024-08-08T20:56:26.659261" elapsed="2.071955"/>
</kw>
<kw name="Wait Until Element Is Visible" owner="SeleniumLibrary">
<arg>${AdminPageUsername}</arg>
<doc>Waits until the element ``locator`` is visible.</doc>
<status status="PASS" start="2024-08-08T20:56:28.734765" elapsed="0.748815"/>
</kw>
<kw name="Input Text" owner="SeleniumLibrary">
<msg time="2024-08-08T20:56:29.486028" level="INFO">Typing text 'Admin' into text field 'xpath://label[text()='Username']/following::input[@class='oxd-input oxd-input--active']'.</msg>
<arg>${AdminPageUsername}</arg>
<arg>${Adminreset}</arg>
<doc>Types the given ``text`` into the text field identified by ``locator``.</doc>
<status status="PASS" start="2024-08-08T20:56:29.486028" elapsed="0.296860"/>
</kw>
<kw name="Wait Until Element Is Visible" owner="SeleniumLibrary">
<arg>${AdminUserRole}</arg>
<doc>Waits until the element ``locator`` is visible.</doc>
<status status="PASS" start="2024-08-08T20:56:29.785889" elapsed="0.050994"/>
</kw>
<kw name="Click Element" owner="SeleniumLibrary">
<msg time="2024-08-08T20:56:29.840285" level="INFO">Clicking element 'xpath://label[text()='User Role']/following::div[@data-v-67d2aedf]'.</msg>
<arg>${AdminUserRole}</arg>
<doc>Click the element identified by ``locator``.</doc>
<status status="PASS" start="2024-08-08T20:56:29.839251" elapsed="0.109123"/>
</kw>
<kw name="Run Keyword If" owner="BuiltIn">
<kw name="Click Element" owner="SeleniumLibrary">
<msg time="2024-08-08T20:56:29.956043" level="INFO">Clicking element 'xpath://*[contains(text(),'Admin')]'.</msg>
<arg>${Admina}</arg>
<doc>Click the element identified by ``locator``.</doc>
<status status="PASS" start="2024-08-08T20:56:29.955023" elapsed="0.109828"/>
</kw>
<arg>'${Adminreset}' == 'Admin'</arg>
<arg>Click Element</arg>
<arg>${Admina}</arg>
<arg>ELSE</arg>
<arg>Click Element</arg>
<arg>${ESSA}</arg>
<doc>Runs the given keyword with the given arguments, if ``condition`` is true.</doc>
<status status="PASS" start="2024-08-08T20:56:29.951907" elapsed="0.116953"/>
</kw>
<kw name="Wait Until Element Is Visible" owner="SeleniumLibrary">
<arg>${ResetbuttonAdmin}</arg>
<doc>Waits until the element ``locator`` is visible.</doc>
<status status="PASS" start="2024-08-08T20:56:30.069861" elapsed="0.038811"/>
</kw>
<kw name="Click Element" owner="SeleniumLibrary">
<msg time="2024-08-08T20:56:30.109699" level="INFO">Clicking element 'xpath://button[@type='button' and @class='oxd-button oxd-button--medium oxd-button--ghost']'.</msg>
<arg>${ResetbuttonAdmin}</arg>
<doc>Click the element identified by ``locator``.</doc>
<status status="PASS" start="2024-08-08T20:56:30.108672" elapsed="0.106646"/>
</kw>
<kw name="Get Value" owner="SeleniumLibrary">
<msg time="2024-08-08T20:56:30.288540" level="INFO">${Avalue} = </msg>
<var>${Avalue}</var>
<arg>${AdminPageUsername}</arg>
<doc>Returns the value attribute of the element identified by ``locator``.</doc>
<status status="PASS" start="2024-08-08T20:56:30.219345" elapsed="0.069195"/>
</kw>
<kw name="Get Value" owner="SeleniumLibrary">
<msg time="2024-08-08T20:56:30.430124" level="INFO">${EMevalue} = </msg>
<var>${EMevalue}</var>
<arg>${EMPName}</arg>
<doc>Returns the value attribute of the element identified by ``locator``.</doc>
<status status="PASS" start="2024-08-08T20:56:30.292048" elapsed="0.138076"/>
</kw>
<kw name="Get Text" owner="SeleniumLibrary">
<msg time="2024-08-08T20:56:30.691558" level="INFO">${textt} = -- Select --</msg>
<var>${textt}</var>
<arg>${selectuserRole}</arg>
<doc>Returns the text value of the element identified by ``locator``.</doc>
<status status="PASS" start="2024-08-08T20:56:30.433651" elapsed="0.257907"/>
</kw>
<kw name="Should Be Empty" owner="BuiltIn">
<msg time="2024-08-08T20:56:30.696091" level="INFO">Length is 0.</msg>
<arg>${EMevalue}</arg>
<doc>Verifies that the given item is empty.</doc>
<status status="PASS" start="2024-08-08T20:56:30.694572" elapsed="0.001519"/>
</kw>
<kw name="Should Be Empty" owner="BuiltIn">
<msg time="2024-08-08T20:56:30.701507" level="INFO">Length is 0.</msg>
<arg>${Avalue}</arg>
<doc>Verifies that the given item is empty.</doc>
<status status="PASS" start="2024-08-08T20:56:30.700490" elapsed="0.001545"/>
</kw>
<kw name="Should Be Equal As Strings" owner="BuiltIn">
<arg>${textt}</arg>
<arg>${selectt}</arg>
<doc>Fails if objects are unequal after converting them to strings.</doc>
<status status="PASS" start="2024-08-08T20:56:30.707632" elapsed="0.000996"/>
</kw>
<kw name="Wait Until Element Is Visible" owner="SeleniumLibrary">
<arg>${RecordsFoundAdminPage}</arg>
<doc>Waits until the element ``locator`` is visible.</doc>
<status status="PASS" start="2024-08-08T20:56:30.709629" elapsed="0.104813"/>
</kw>
<status status="PASS" start="2024-08-08T20:56:26.072027" elapsed="4.742415"/>
</kw>
<kw name="Close Browser" owner="SeleniumLibrary">
<doc>Closes the current browser.</doc>
<status status="PASS" start="2024-08-08T20:56:30.822102" elapsed="5.001271"/>
</kw>
<doc>Reset admin page</doc>
<tag>critical_11</tag>
<status status="PASS" start="2024-08-08T20:56:14.822792" elapsed="21.001583"/>
</test>
<test id="s1-t12" name="TC12:Successuful AddtableofUsers" line="96">
<kw name="OpenPage" owner="common">
<kw name="Open Browser" owner="SeleniumLibrary">
<msg time="2024-08-08T20:56:35.831190" level="INFO">Opening browser 'chrome' to base url 'https://opensource-demo.orangehrmlive.com/web/index.php/auth/login'.</msg>
<arg>${url}</arg>
<arg>${browser}</arg>
<doc>Opens a new browser instance to the optional ``url``.</doc>
<status status="PASS" start="2024-08-08T20:56:35.831190" elapsed="3.947390"/>
</kw>
<kw name="Maximize Browser Window" owner="SeleniumLibrary">
<doc>Maximizes current browser window.</doc>
<status status="PASS" start="2024-08-08T20:56:39.781663" elapsed="3.094773"/>
</kw>
<kw name="Title Should Be" owner="SeleniumLibrary">
<msg time="2024-08-08T20:56:42.912517" level="INFO">Page title is 'OrangeHRM'.</msg>
<arg>OrangeHRM</arg>
<doc>Verifies that the current page title equals ``title``.</doc>
<status status="PASS" start="2024-08-08T20:56:42.877862" elapsed="0.034655"/>
</kw>
<status status="PASS" start="2024-08-08T20:56:35.830210" elapsed="7.085333"/>
</kw>
<kw name="Successful login with valid credentials" owner="Authentification">
<kw name="Wait Until Element Is Visible" owner="SeleniumLibrary">
<arg>${LocatorUsername}</arg>
<doc>Waits until the element ``locator`` is visible.</doc>
<status status="PASS" start="2024-08-08T20:56:42.920530" elapsed="0.503964"/>
</kw>
<kw name="Input Text" owner="SeleniumLibrary">
<msg time="2024-08-08T20:56:43.426512" level="INFO">Typing text 'Admin' into text field 'xpath://input[@name='username']'.</msg>
<arg>${LocatorUsername}</arg>
<arg>${JDDvalidUsername}</arg>
<doc>Types the given ``text`` into the text field identified by ``locator``.</doc>
<status status="PASS" start="2024-08-08T20:56:43.425508" elapsed="0.506650"/>
</kw>
<kw name="Wait Until Element Is Visible" owner="SeleniumLibrary">
<arg>${LocatorPassword}</arg>
<doc>Waits until the element ``locator`` is visible.</doc>
<status status="PASS" start="2024-08-08T20:56:43.937193" elapsed="0.073259"/>
</kw>
<kw name="Input Password" owner="SeleniumLibrary">
<msg time="2024-08-08T20:56:44.011965" level="INFO">Typing password into text field 'xpath://input[@name='password']'.</msg>
<msg time="2024-08-08T20:56:44.093868" level="INFO">Temporally setting log level to: NONE</msg>
<arg>${LocatorPassword}</arg>
<arg>${JDDvalidpassword}</arg>
<doc>Types the given password into the text field identified by ``locator``.</doc>
<status status="PASS" start="2024-08-08T20:56:44.011453" elapsed="0.196607"/>
</kw>
<kw name="Wait Until Element Is Visible" owner="SeleniumLibrary">
<arg>${LocatorLoginButton}</arg>
<doc>Waits until the element ``locator`` is visible.</doc>
<status status="PASS" start="2024-08-08T20:56:44.211058" elapsed="0.040374"/>
</kw>
<kw name="Click Element" owner="SeleniumLibrary">
<msg time="2024-08-08T20:56:44.252443" level="INFO">Clicking element 'xpath://button[@type='submit']'.</msg>
<arg>${LocatorLoginButton}</arg>
<doc>Click the element identified by ``locator``.</doc>
<status status="PASS" start="2024-08-08T20:56:44.251432" elapsed="1.111989"/>
</kw>
<status status="PASS" start="2024-08-08T20:56:42.919532" elapsed="2.447306"/>
</kw>
<kw name="Successuful AddtableofUsers" owner="AddUser">
<for flavor="IN RANGE">
<iter>
<kw name="Log" owner="BuiltIn">
<arg>${counter}</arg>
<doc>Logs the given message with the given level.</doc>
<status status="NOT RUN" start="2024-08-08T20:56:45.374156" elapsed="0.000994"/>
</kw>
<kw name="Wait Until Element Is Visible" owner="SeleniumLibrary">
<arg>${AdminIcone}</arg>
<doc>Waits until the element ``locator`` is visible.</doc>
<status status="NOT RUN" start="2024-08-08T20:56:45.376154" elapsed="0.000000"/>
</kw>
<kw name="Click Element" owner="SeleniumLibrary">
<arg>${AdminIcone}</arg>
<doc>Click the element identified by ``locator``.</doc>
<status status="NOT RUN" start="2024-08-08T20:56:45.377163" elapsed="0.000000"/>
</kw>
<kw name="Wait Until Element Is Visible" owner="SeleniumLibrary">
<arg>${AdminAddButton}</arg>
<doc>Waits until the element ``locator`` is visible.</doc>
<status status="NOT RUN" start="2024-08-08T20:56:45.378155" elapsed="0.000996"/>
</kw>
<kw name="Click Element" owner="SeleniumLibrary">
<arg>${AdminAddButton}</arg>
<doc>Click the element identified by ``locator``.</doc>
<status status="NOT RUN" start="2024-08-08T20:56:45.379151" elapsed="0.000000"/>
</kw>
<kw name="Wait Until Element Is Visible" owner="SeleniumLibrary">
<arg>${UserRole}</arg>
<doc>Waits until the element ``locator`` is visible.</doc>
<status status="NOT RUN" start="2024-08-08T20:56:45.380148" elapsed="0.000000"/>
</kw>
<kw name="Click Element" owner="SeleniumLibrary">
<arg>${UserRole}</arg>
<doc>Click the element identified by ``locator``.</doc>
<status status="NOT RUN" start="2024-08-08T20:56:45.380148" elapsed="0.000000"/>
</kw>
<kw name="Wait Until Element Is Visible" owner="SeleniumLibrary">
<arg>${SelectAdmin}</arg>
<doc>Waits until the element ``locator`` is visible.</doc>
<status status="NOT RUN" start="2024-08-08T20:56:45.381151" elapsed="0.000000"/>
</kw>
<kw name="Click Element" owner="SeleniumLibrary">
<arg>${SelectAdmin}</arg>
<doc>Click the element identified by ``locator``.</doc>
<status status="NOT RUN" start="2024-08-08T20:56:45.382303" elapsed="0.000000"/>
</kw>
<kw name="Wait Until Element Is Visible" owner="SeleniumLibrary">
<arg>${Status}</arg>
<doc>Waits until the element ``locator`` is visible.</doc>
<status status="NOT RUN" start="2024-08-08T20:56:45.383307" elapsed="0.000000"/>
</kw>
<kw name="Click Element" owner="SeleniumLibrary">
<arg>${Status}</arg>
<doc>Click the element identified by ``locator``.</doc>
<status status="NOT RUN" start="2024-08-08T20:56:45.384556" elapsed="0.000000"/>
</kw>
<kw name="Wait Until Element Is Visible" owner="SeleniumLibrary">
<arg>${SelectEnable}</arg>
<doc>Waits until the element ``locator`` is visible.</doc>
<status status="NOT RUN" start="2024-08-08T20:56:45.385577" elapsed="0.000000"/>
</kw>
<kw name="Click Element" owner="SeleniumLibrary">
<arg>${SelectEnable}</arg>
<doc>Click the element identified by ``locator``.</doc>
<status status="NOT RUN" start="2024-08-08T20:56:45.387581" elapsed="0.000000"/>
</kw>
<kw name="Wait Until Element Is Visible" owner="SeleniumLibrary">
<arg>${LEmployeeName}</arg>
<doc>Waits until the element ``locator`` is visible.</doc>
<status status="NOT RUN" start="2024-08-08T20:56:45.388573" elapsed="0.000000"/>
</kw>
<kw name="Input Text" owner="SeleniumLibrary">
<arg>${LEmployeeName}</arg>
<arg>${JEmployeeName}</arg>
<doc>Types the given ``text`` into the text field identified by ``locator``.</doc>
<status status="NOT RUN" start="2024-08-08T20:56:45.389573" elapsed="0.000000"/>
</kw>
<kw name="Wait Until Element Is Visible" owner="SeleniumLibrary">
<arg>${Lusername}</arg>
<doc>Waits until the element ``locator`` is visible.</doc>
<status status="NOT RUN" start="2024-08-08T20:56:45.390083" elapsed="0.000000"/>
</kw>
<kw name="Input Text" owner="SeleniumLibrary">
<arg>${Lusername}</arg>
<arg>${Users[${counter}][3]}</arg>
<doc>Types the given ``text`` into the text field identified by ``locator``.</doc>
<status status="NOT RUN" start="2024-08-08T20:56:45.391104" elapsed="0.000000"/>
</kw>
<kw name="Wait Until Element Is Visible" owner="SeleniumLibrary">
<arg>${Lpassword}</arg>
<doc>Waits until the element ``locator`` is visible.</doc>
<status status="NOT RUN" start="2024-08-08T20:56:45.392132" elapsed="0.000000"/>
</kw>
<kw name="Input Password" owner="SeleniumLibrary">
<arg>${Lpassword}</arg>
<arg>${Users[${counter}][4]}</arg>
<doc>Types the given password into the text field identified by ``locator``.</doc>
<status status="NOT RUN" start="2024-08-08T20:56:45.393546" elapsed="0.000000"/>
</kw>
<kw name="Wait Until Element Is Visible" owner="SeleniumLibrary">
<arg>${Lconfirmpassword}</arg>
<doc>Waits until the element ``locator`` is visible.</doc>
<status status="NOT RUN" start="2024-08-08T20:56:45.393546" elapsed="0.001062"/>
</kw>
<kw name="Input Password" owner="SeleniumLibrary">
<arg>${Lconfirmpassword}</arg>
<arg>${Users[${counter}][4]}</arg>
<doc>Types the given password into the text field identified by ``locator``.</doc>
<status status="NOT RUN" start="2024-08-08T20:56:45.394608" elapsed="0.000000"/>
</kw>
<kw name="Wait Until Element Is Visible" owner="SeleniumLibrary">
<arg>${Lsavebutton}</arg>
<doc>Waits until the element ``locator`` is visible.</doc>
<status status="NOT RUN" start="2024-08-08T20:56:45.395621" elapsed="0.000000"/>
</kw>
<kw name="Click Element" owner="SeleniumLibrary">
<arg>${Lsavebutton}</arg>
<doc>Click the element identified by ``locator``.</doc>
<status status="NOT RUN" start="2024-08-08T20:56:45.396618" elapsed="0.000000"/>
</kw>
<kw name="Sleep" owner="BuiltIn">
<arg>5s</arg>
<doc>Pauses the test executed for the given time.</doc>
<status status="NOT RUN" start="2024-08-08T20:56:45.396618" elapsed="0.000000"/>
</kw>
<var name="${counter}"/>
<status status="NOT RUN" start="2024-08-08T20:56:45.374156" elapsed="0.023782"/>
</iter>
<msg time="2024-08-08T20:56:45.397938" level="FAIL">Variable '${ligne}' not found.</msg>
<var>${counter}</var>
<value>0</value>
<value>${ligne}</value>
<value>1</value>
<status status="FAIL" start="2024-08-08T20:56:45.369855" elapsed="0.029336">Variable '${ligne}' not found.</status>
</for>
<status status="FAIL" start="2024-08-08T20:56:45.368868" elapsed="0.034025">Variable '${ligne}' not found.</status>
</kw>
<kw name="Close Browser" owner="SeleniumLibrary">
<doc>Closes the current browser.</doc>
<status status="NOT RUN" start="2024-08-08T20:56:45.404102" elapsed="0.001022"/>
</kw>
<doc>add users</doc>
<tag>critical_12</tag>
<status status="FAIL" start="2024-08-08T20:56:35.829189" elapsed="9.576936">Variable '${ligne}' not found.</status>
</test>
<test id="s1-t13" name="TC13:Successuful AddtableofUsers" line="104">
<kw name="OpenPage" owner="common">
<kw name="Open Browser" owner="SeleniumLibrary">
<msg time="2024-08-08T20:56:45.429937" level="INFO">Opening browser 'chrome' to base url 'https://opensource-demo.orangehrmlive.com/web/index.php/auth/login'.</msg>
<arg>${url}</arg>
<arg>${browser}</arg>
<doc>Opens a new browser instance to the optional ``url``.</doc>
<status status="PASS" start="2024-08-08T20:56:45.428903" elapsed="6.168659"/>
</kw>
<kw name="Maximize Browser Window" owner="SeleniumLibrary">
<doc>Maximizes current browser window.</doc>
<status status="PASS" start="2024-08-08T20:56:51.601285" elapsed="3.997372"/>
</kw>
<kw name="Title Should Be" owner="SeleniumLibrary">
<msg time="2024-08-08T20:56:55.889021" level="INFO">Page title is 'OrangeHRM'.</msg>
<arg>OrangeHRM</arg>
<doc>Verifies that the current page title equals ``title``.</doc>
<status status="PASS" start="2024-08-08T20:56:55.599657" elapsed="0.289364"/>
</kw>
<status status="PASS" start="2024-08-08T20:56:45.426608" elapsed="10.467357"/>
</kw>
<kw name="Successful login with valid credentials" owner="Authentification">
<kw name="Wait Until Element Is Visible" owner="SeleniumLibrary">
<arg>${LocatorUsername}</arg>
<doc>Waits until the element ``locator`` is visible.</doc>
<status status="PASS" start="2024-08-08T20:56:55.899004" elapsed="1.130643"/>
</kw>
<kw name="Input Text" owner="SeleniumLibrary">
<msg time="2024-08-08T20:56:57.032222" level="INFO">Typing text 'Admin' into text field 'xpath://input[@name='username']'.</msg>
<arg>${LocatorUsername}</arg>
<arg>${JDDvalidUsername}</arg>
<doc>Types the given ``text`` into the text field identified by ``locator``.</doc>
<status status="PASS" start="2024-08-08T20:56:57.031160" elapsed="2.403425"/>
</kw>
<kw name="Wait Until Element Is Visible" owner="SeleniumLibrary">
<arg>${LocatorPassword}</arg>
<doc>Waits until the element ``locator`` is visible.</doc>
<status status="PASS" start="2024-08-08T20:56:59.438788" elapsed="0.121726"/>
</kw>
<kw name="Input Password" owner="SeleniumLibrary">
<msg time="2024-08-08T20:56:59.562526" level="INFO">Typing password into text field 'xpath://input[@name='password']'.</msg>
<msg time="2024-08-08T20:57:00.306323" level="INFO">Temporally setting log level to: NONE</msg>
<arg>${LocatorPassword}</arg>
<arg>${JDDvalidpassword}</arg>
<doc>Types the given password into the text field identified by ``locator``.</doc>
<status status="PASS" start="2024-08-08T20:56:59.561029" elapsed="2.083689"/>
</kw>
<kw name="Wait Until Element Is Visible" owner="SeleniumLibrary">
<arg>${LocatorLoginButton}</arg>
<doc>Waits until the element ``locator`` is visible.</doc>
<status status="PASS" start="2024-08-08T20:57:01.648721" elapsed="0.083549"/>
</kw>
<kw name="Click Element" owner="SeleniumLibrary">
<msg time="2024-08-08T20:57:01.736337" level="INFO">Clicking element 'xpath://button[@type='submit']'.</msg>
<arg>${LocatorLoginButton}</arg>
<doc>Click the element identified by ``locator``.</doc>
<status status="PASS" start="2024-08-08T20:57:01.734297" elapsed="1.440567"/>
</kw>
<status status="PASS" start="2024-08-08T20:56:55.896987" elapsed="7.281321"/>
</kw>
<kw name="Successuful AddtableofUsers nawfel" owner="AddUser">
<kw name="Get File" owner="OperatingSystem">
<msg time="2024-08-08T20:57:03.183893" level="INFO" html="true">Getting file '&lt;a href="file://C:\Users\motal\OneDrive\Desktop\automatisation\Robotframework\RF_Exercice\Ressources\JDD\Data.csv"&gt;C:\Users\motal\OneDrive\Desktop\automatisation\Robotframework\RF_Exercice\Ressources\JDD\Data.csv&lt;/a&gt;'.</msg>
<msg time="2024-08-08T20:57:03.186334" level="INFO">${file} = UserRole;Status;validEmplyeeName;NewUsername1;Jddpassword
Admin;Enabled;A8DCo 4Ys 010Z;abdoutestt21;abdel1234
ESS;Enabled;A8DCo 4Ys 010Z;Mayonaise12;abdel1235
Admin;Enabled;A8DCo 4Ys 010Z;abdoutestt22...</msg>
<var>${file}</var>
<arg>C:\\Users\\motal\\OneDrive\\Desktop\\automatisation\\Robotframework\\RF_Exercice\\Ressources\\JDD\\Data.csv</arg>
<doc>Returns the contents of a specified file.</doc>
<status status="PASS" start="2024-08-08T20:57:03.182894" elapsed="0.004462"/>
</kw>
<kw name="Evaluate" owner="BuiltIn">
<msg time="2024-08-08T20:57:03.207398" level="INFO">${table} = [['Admin', 'Enabled', 'A8DCo 4Ys 010Z', 'abdoutestt21', 'abdel1234'], ['ESS', 'Enabled', 'A8DCo 4Ys 010Z', 'Mayonaise12', 'abdel1235'], ['Admin', 'Enabled', 'A8DCo 4Ys 010Z', 'abdoutestt22', 'abdel123...</msg>
<var>${table}</var>
<arg>[line.split(';') for line in $file.splitlines()[1:]]</arg>
<doc>Evaluates the given expression in Python and returns the result.</doc>
<status status="PASS" start="2024-08-08T20:57:03.192389" elapsed="0.015009"/>
</kw>
<for flavor="IN">
<iter>
<kw name="Set Variable" owner="BuiltIn">
<msg time="2024-08-08T20:57:03.219898" level="INFO">${ro} = Admin</msg>
<var>${ro}</var>
[...]
<status status="PASS" start="2024-08-08T20:58:20.885872" elapsed="0.022020"/>
</kw>
<kw name="Click Element" owner="SeleniumLibrary">
<msg time="2024-08-08T20:58:20.908910" level="INFO">Clicking element 'xpath://button[@type='submit']'.</msg>
<arg>${Lsavebutton}</arg>
<doc>Click the element identified by ``locator``.</doc>
<status status="PASS" start="2024-08-08T20:58:20.908910" elapsed="0.046299"/>
</kw>
<var name="${row}">['ESS', 'Enabled', 'A8DCo 4Ys 010Z', 'Mayonaise0', 'abdel1232']</var>
<status status="PASS" start="2024-08-08T20:58:17.910332" elapsed="3.044877"/>
</iter>
<iter>
<kw name="Set Variable" owner="BuiltIn">
<msg time="2024-08-08T20:58:20.955209" level="INFO">${ro} = Admin</msg>
<var>${ro}</var>
<arg>${row}[0]</arg>
<doc>Returns the given values which can then be assigned to a variables.</doc>
<status status="PASS" start="2024-08-08T20:58:20.955209" elapsed="0.000000"/>
</kw>
<kw name="Set Variable" owner="BuiltIn">
<msg time="2024-08-08T20:58:20.955209" level="INFO">${sta} = Enabled</msg>
<var>${sta}</var>
<arg>${row}[1]</arg>
<doc>Returns the given values which can then be assigned to a variables.</doc>
<status status="PASS" start="2024-08-08T20:58:20.955209" elapsed="0.000000"/>
</kw>
<kw name="Set Variable" owner="BuiltIn">
<msg time="2024-08-08T20:58:20.965665" level="INFO">${em} = A8DCo 4Ys 010Z</msg>
<var>${em}</var>
<arg>${row}[2]</arg>
<doc>Returns the given values which can then be assigned to a variables.</doc>
<status status="PASS" start="2024-08-08T20:58:20.964651" elapsed="0.001014"/>
</kw>
<kw name="Set Variable" owner="BuiltIn">
<msg time="2024-08-08T20:58:20.966301" level="INFO">${nuser} = abdoutestt012</msg>
<var>${nuser}</var>
<arg>${row}[3]</arg>
<doc>Returns the given values which can then be assigned to a variables.</doc>
<status status="PASS" start="2024-08-08T20:58:20.966301" elapsed="0.000000"/>
</kw>
<kw name="Set Variable" owner="BuiltIn">
<msg time="2024-08-08T20:58:20.966301" level="INFO">${npass} = abdel1238</msg>
<var>${npass}</var>
<arg>${row}[4]</arg>
<doc>Returns the given values which can then be assigned to a variables.</doc>
<status status="PASS" start="2024-08-08T20:58:20.966301" elapsed="0.000000"/>
</kw>
<kw name="Wait Until Element Is Visible" owner="SeleniumLibrary">
<arg>${AdminIcone}</arg>
<doc>Waits until the element ``locator`` is visible.</doc>
<status status="PASS" start="2024-08-08T20:58:20.966301" elapsed="0.025080"/>
</kw>
<kw name="Click Element" owner="SeleniumLibrary">
<msg time="2024-08-08T20:58:20.997478" level="INFO">Clicking element 'xpath://*[@href='/web/index.php/admin/viewAdminModule']'.</msg>
<arg>${AdminIcone}</arg>
<doc>Click the element identified by ``locator``.</doc>
<status status="PASS" start="2024-08-08T20:58:20.996888" elapsed="0.869823"/>
</kw>
<kw name="Wait Until Element Is Visible" owner="SeleniumLibrary">
<arg>${AdminAddButton}</arg>
<doc>Waits until the element ``locator`` is visible.</doc>
<status status="PASS" start="2024-08-08T20:58:21.868989" elapsed="0.305042"/>
</kw>
<kw name="Click Element" owner="SeleniumLibrary">
<msg time="2024-08-08T20:58:22.175024" level="INFO">Clicking element 'xpath://button[@class='oxd-button oxd-button--medium oxd-button--secondary']'.</msg>
<arg>${AdminAddButton}</arg>
<doc>Click the element identified by ``locator``.</doc>
<status status="PASS" start="2024-08-08T20:58:22.174031" elapsed="0.440824"/>
</kw>
<kw name="Wait Until Element Is Visible" owner="SeleniumLibrary">
<arg>${UserRole}</arg>
<doc>Waits until the element ``locator`` is visible.</doc>
<status status="PASS" start="2024-08-08T20:58:22.617904" elapsed="0.450644"/>
</kw>
<kw name="Click Element" owner="SeleniumLibrary">
<msg time="2024-08-08T20:58:23.069543" level="INFO">Clicking element 'xpath://div[@class='oxd-select-text-input']'.</msg>
<arg>${UserRole}</arg>
<doc>Click the element identified by ``locator``.</doc>
<status status="PASS" start="2024-08-08T20:58:23.069543" elapsed="0.062309"/>
</kw>
<kw name="Run Keyword If" owner="BuiltIn">
<kw name="Click Element" owner="SeleniumLibrary">
<msg time="2024-08-08T20:58:23.131852" level="INFO">Clicking element 'xpath://*[contains(text(),'Admin')]'.</msg>
<arg>${SelectAdmin}</arg>
<doc>Click the element identified by ``locator``.</doc>
<status status="PASS" start="2024-08-08T20:58:23.131852" elapsed="0.074758"/>
</kw>
<arg>'${ro}' == 'Admin'</arg>
<arg>Click Element</arg>
<arg>${SelectAdmin}</arg>
<arg>ELSE</arg>
<arg>Click Element</arg>
<arg>${SelectESS}</arg>
<doc>Runs the given keyword with the given arguments, if ``condition`` is true.</doc>
<status status="PASS" start="2024-08-08T20:58:23.131852" elapsed="0.078999"/>
</kw>
<kw name="Wait Until Element Is Visible" owner="SeleniumLibrary">
<arg>${Status}</arg>
<doc>Waits until the element ``locator`` is visible.</doc>
<status status="PASS" start="2024-08-08T20:58:23.210851" elapsed="0.026659"/>
</kw>
<kw name="Click Element" owner="SeleniumLibrary">
<msg time="2024-08-08T20:58:23.238514" level="INFO">Clicking element 'xpath://label[text()='Status']/following::div[@data-v-67d2aedf]'.</msg>
<arg>${Status}</arg>
<doc>Click the element identified by ``locator``.</doc>
<status status="PASS" start="2024-08-08T20:58:23.237510" elapsed="0.064613"/>
</kw>
<kw name="Run Keyword If" owner="BuiltIn">
<kw name="Click Element" owner="SeleniumLibrary">
<msg time="2024-08-08T20:58:23.302123" level="INFO">Clicking element 'xpath://*[contains(text(),'Enabled')]'.</msg>
<arg>${SelectEnable}</arg>
<doc>Click the element identified by ``locator``.</doc>
<status status="PASS" start="2024-08-08T20:58:23.302123" elapsed="0.057198"/>
</kw>
<arg>'${sta}' == 'Enabled'</arg>
<arg>Click Element</arg>
<arg>${SelectEnable}</arg>
<arg>ELSE</arg>
<arg>Click Element</arg>
<arg>${SelectDisabled}</arg>
<doc>Runs the given keyword with the given arguments, if ``condition`` is true.</doc>
<status status="PASS" start="2024-08-08T20:58:23.302123" elapsed="0.057198"/>
</kw>
<kw name="Wait Until Element Is Visible" owner="SeleniumLibrary">
<arg>${LEmployeeName}</arg>
<doc>Waits until the element ``locator`` is visible.</doc>
<status status="PASS" start="2024-08-08T20:58:23.359321" elapsed="0.026219"/>
</kw>
<kw name="Input Text" owner="SeleniumLibrary">
<msg time="2024-08-08T20:58:23.386542" level="INFO">Typing text 'A8DCo 4Ys 010Z' into text field 'xpath://input[@placeholder='Type for hints...']'.</msg>
<arg>${LEmployeeName}</arg>
<arg>${em}</arg>
<doc>Types the given ``text`` into the text field identified by ``locator``.</doc>
<status status="PASS" start="2024-08-08T20:58:23.385540" elapsed="0.142915"/>
</kw>
<kw name="Wait Until Element Is Visible" owner="SeleniumLibrary">
<arg>${Lusername}</arg>
<doc>Waits until the element ``locator`` is visible.</doc>
<status status="PASS" start="2024-08-08T20:58:23.532811" elapsed="0.029844"/>
</kw>
<kw name="Input Text" owner="SeleniumLibrary">
<msg time="2024-08-08T20:58:23.564649" level="INFO">Typing text 'abdoutestt012' into text field 'xpath://label[text()='Username']/following::input[@class='oxd-input oxd-input--active']'.</msg>
<arg>${Lusername}</arg>
<arg>${nuser}</arg>
<doc>Types the given ``text`` into the text field identified by ``locator``.</doc>
<status status="PASS" start="2024-08-08T20:58:23.563646" elapsed="0.169682"/>
</kw>
<kw name="Wait Until Element Is Visible" owner="SeleniumLibrary">
<arg>${Lpassword}</arg>
<doc>Waits until the element ``locator`` is visible.</doc>
<status status="PASS" start="2024-08-08T20:58:23.737541" elapsed="0.024410"/>
</kw>
<kw name="Input Password" owner="SeleniumLibrary">
<msg time="2024-08-08T20:58:23.761951" level="INFO">Typing password into text field 'xpath://label[text()='Password']/following::input[@type='password']'.</msg>
<msg time="2024-08-08T20:58:23.799352" level="INFO">Temporally setting log level to: NONE</msg>
<arg>${Lpassword}</arg>
<arg>${npass}</arg>
<doc>Types the given password into the text field identified by ``locator``.</doc>
<status status="PASS" start="2024-08-08T20:58:23.761951" elapsed="0.123361"/>
</kw>
<kw name="Wait Until Element Is Visible" owner="SeleniumLibrary">
<arg>${Lconfirmpassword}</arg>
<doc>Waits until the element ``locator`` is visible.</doc>
<status status="PASS" start="2024-08-08T20:58:23.885312" elapsed="0.029743"/>
</kw>
<kw name="Input Password" owner="SeleniumLibrary">
<msg time="2024-08-08T20:58:23.916064" level="INFO">Typing password into text field 'xpath://label[text()='Confirm Password']/following::input[@type='password']'.</msg>
<msg time="2024-08-08T20:58:23.964007" level="INFO">Temporally setting log level to: NONE</msg>
<arg>${Lconfirmpassword}</arg>
<arg>${npass}</arg>
<doc>Types the given password into the text field identified by ``locator``.</doc>
<status status="PASS" start="2024-08-08T20:58:23.916064" elapsed="0.126694"/>
</kw>
<kw name="Wait Until Element Is Visible" owner="SeleniumLibrary">
<arg>${Lsavebutton}</arg>
<doc>Waits until the element ``locator`` is visible.</doc>
<status status="PASS" start="2024-08-08T20:58:24.046087" elapsed="0.020824"/>
</kw>
<kw name="Click Element" owner="SeleniumLibrary">
<msg time="2024-08-08T20:58:24.067911" level="INFO">Clicking element 'xpath://button[@type='submit']'.</msg>
<arg>${Lsavebutton}</arg>
<doc>Click the element identified by ``locator``.</doc>
<status status="PASS" start="2024-08-08T20:58:24.067911" elapsed="0.048951"/>
</kw>
<var name="${row}">['Admin', 'Enabled', 'A8DCo 4Ys 010Z', 'abdoutestt012', 'abdel1238']</var>
<status status="PASS" start="2024-08-08T20:58:20.955209" elapsed="3.161653"/>
</iter>
<iter>
<kw name="Set Variable" owner="BuiltIn">
<msg time="2024-08-08T20:58:24.116862" level="INFO">${ro} = ESS</msg>
<var>${ro}</var>
<arg>${row}[0]</arg>
<doc>Returns the given values which can then be assigned to a variables.</doc>
<status status="PASS" start="2024-08-08T20:58:24.116862" elapsed="0.000000"/>
</kw>
<kw name="Set Variable" owner="BuiltIn">
<msg time="2024-08-08T20:58:24.124764" level="INFO">${sta} = Enabled</msg>
<var>${sta}</var>
<arg>${row}[1]</arg>
<doc>Returns the given values which can then be assigned to a variables.</doc>
<status status="PASS" start="2024-08-08T20:58:24.124764" elapsed="0.000000"/>
</kw>
<kw name="Set Variable" owner="BuiltIn">
<msg time="2024-08-08T20:58:24.124764" level="INFO">${em} = A8DCo 4Ys 010Z</msg>
<var>${em}</var>
<arg>${row}[2]</arg>
<doc>Returns the given values which can then be assigned to a variables.</doc>
<status status="PASS" start="2024-08-08T20:58:24.124764" elapsed="0.000000"/>
</kw>
<kw name="Set Variable" owner="BuiltIn">
<msg time="2024-08-08T20:58:24.131324" level="INFO">${nuser} = Mayonaise10</msg>
<var>${nuser}</var>
<arg>${row}[3]</arg>
<doc>Returns the given values which can then be assigned to a variables.</doc>
<status status="PASS" start="2024-08-08T20:58:24.130275" elapsed="0.001049"/>
</kw>
<kw name="Set Variable" owner="BuiltIn">
<msg time="2024-08-08T20:58:24.135426" level="INFO">${npass} = abdel12377</msg>
<var>${npass}</var>
<arg>${row}[4]</arg>
<doc>Returns the given values which can then be assigned to a variables.</doc>
<status status="PASS" start="2024-08-08T20:58:24.132033" elapsed="0.003393"/>
</kw>
<kw name="Wait Until Element Is Visible" owner="SeleniumLibrary">
<arg>${AdminIcone}</arg>
<doc>Waits until the element ``locator`` is visible.</doc>
<status status="PASS" start="2024-08-08T20:58:24.138575" elapsed="0.023527"/>
</kw>
<kw name="Click Element" owner="SeleniumLibrary">
<msg time="2024-08-08T20:58:24.163611" level="INFO">Clicking element 'xpath://*[@href='/web/index.php/admin/viewAdminModule']'.</msg>
<arg>${AdminIcone}</arg>
<doc>Click the element identified by ``locator``.</doc>
<status status="PASS" start="2024-08-08T20:58:24.163611" elapsed="0.902199"/>
</kw>
<kw name="Wait Until Element Is Visible" owner="SeleniumLibrary">
<arg>${AdminAddButton}</arg>
<doc>Waits until the element ``locator`` is visible.</doc>
<status status="PASS" start="2024-08-08T20:58:25.068114" elapsed="0.248653"/>
</kw>
<kw name="Click Element" owner="SeleniumLibrary">
<msg time="2024-08-08T20:58:25.317583" level="INFO">Clicking element 'xpath://button[@class='oxd-button oxd-button--medium oxd-button--secondary']'.</msg>
<arg>${AdminAddButton}</arg>
<doc>Click the element identified by ``locator``.</doc>
<status status="PASS" start="2024-08-08T20:58:25.317583" elapsed="0.598129"/>
</kw>
<kw name="Wait Until Element Is Visible" owner="SeleniumLibrary">
<arg>${UserRole}</arg>
<doc>Waits until the element ``locator`` is visible.</doc>
<status status="PASS" start="2024-08-08T20:58:25.918711" elapsed="0.461568"/>
</kw>
<kw name="Click Element" owner="SeleniumLibrary">
<msg time="2024-08-08T20:58:26.380279" level="INFO">Clicking element 'xpath://div[@class='oxd-select-text-input']'.</msg>
<arg>${UserRole}</arg>
<doc>Click the element identified by ``locator``.</doc>
<status status="PASS" start="2024-08-08T20:58:26.380279" elapsed="0.048929"/>
</kw>
<kw name="Run Keyword If" owner="BuiltIn">
<kw name="Click Element" owner="SeleniumLibrary">
<msg time="2024-08-08T20:58:26.434258" level="INFO">Clicking element 'xpath://*[contains(text(),'ESS')]'.</msg>
<arg>${SelectESS}</arg>
<doc>Click the element identified by ``locator``.</doc>
<status status="PASS" start="2024-08-08T20:58:26.434258" elapsed="0.057755"/>
</kw>
<arg>'${ro}' == 'Admin'</arg>
<arg>Click Element</arg>
<arg>${SelectAdmin}</arg>
<arg>ELSE</arg>
<arg>Click Element</arg>
<arg>${SelectESS}</arg>
<doc>Runs the given keyword with the given arguments, if ``condition`` is true.</doc>
<status status="PASS" start="2024-08-08T20:58:26.433269" elapsed="0.058744"/>
</kw>
<kw name="Wait Until Element Is Visible" owner="SeleniumLibrary">
<arg>${Status}</arg>
<doc>Waits until the element ``locator`` is visible.</doc>
<status status="PASS" start="2024-08-08T20:58:26.492013" elapsed="0.024402"/>
</kw>
<kw name="Click Element" owner="SeleniumLibrary">
<msg time="2024-08-08T20:58:26.517425" level="INFO">Clicking element 'xpath://label[text()='Status']/following::div[@data-v-67d2aedf]'.</msg>
<arg>${Status}</arg>
<doc>Click the element identified by ``locator``.</doc>
<status status="PASS" start="2024-08-08T20:58:26.516415" elapsed="0.049452"/>
</kw>
<kw name="Run Keyword If" owner="BuiltIn">
<kw name="Click Element" owner="SeleniumLibrary">
<msg time="2024-08-08T20:58:26.567450" level="INFO">Clicking element 'xpath://*[contains(text(),'Enabled')]'.</msg>
<arg>${SelectEnable}</arg>
<doc>Click the element identified by ``locator``.</doc>
<status status="PASS" start="2024-08-08T20:58:26.567450" elapsed="0.056265"/>
</kw>
<arg>'${sta}' == 'Enabled'</arg>
<arg>Click Element</arg>
<arg>${SelectEnable}</arg>
<arg>ELSE</arg>
<arg>Click Element</arg>
<arg>${SelectDisabled}</arg>
<doc>Runs the given keyword with the given arguments, if ``condition`` is true.</doc>
<status status="PASS" start="2024-08-08T20:58:26.567450" elapsed="0.058618"/>
</kw>
<kw name="Wait Until Element Is Visible" owner="SeleniumLibrary">
<arg>${LEmployeeName}</arg>
<doc>Waits until the element ``locator`` is visible.</doc>
<status status="PASS" start="2024-08-08T20:58:26.626068" elapsed="0.022341"/>
</kw>
<kw name="Input Text" owner="SeleniumLibrary">
<msg time="2024-08-08T20:58:26.649408" level="INFO">Typing text 'A8DCo 4Ys 010Z' into text field 'xpath://input[@placeholder='Type for hints...']'.</msg>
<arg>${LEmployeeName}</arg>
<arg>${em}</arg>
<doc>Types the given ``text`` into the text field identified by ``locator``.</doc>
<status status="PASS" start="2024-08-08T20:58:26.649408" elapsed="0.137283"/>
</kw>
<kw name="Wait Until Element Is Visible" owner="SeleniumLibrary">
<arg>${Lusername}</arg>
<doc>Waits until the element ``locator`` is visible.</doc>
<status status="PASS" start="2024-08-08T20:58:26.786691" elapsed="0.028909"/>
</kw>
<kw name="Input Text" owner="SeleniumLibrary">
<msg time="2024-08-08T20:58:26.816602" level="INFO">Typing text 'Mayonaise10' into text field 'xpath://label[text()='Username']/following::input[@class='oxd-input oxd-input--active']'.</msg>
<arg>${Lusername}</arg>
<arg>${nuser}</arg>
<doc>Types the given ``text`` into the text field identified by ``locator``.</doc>
<status status="PASS" start="2024-08-08T20:58:26.816602" elapsed="0.153443"/>
</kw>
<kw name="Wait Until Element Is Visible" owner="SeleniumLibrary">
<arg>${Lpassword}</arg>
<doc>Waits until the element ``locator`` is visible.</doc>
<status status="PASS" start="2024-08-08T20:58:26.975293" elapsed="0.022059"/>
</kw>
<kw name="Input Password" owner="SeleniumLibrary">
<msg time="2024-08-08T20:58:26.998356" level="INFO">Typing password into text field 'xpath://label[text()='Password']/following::input[@type='password']'.</msg>
<msg time="2024-08-08T20:58:27.036674" level="INFO">Temporally setting log level to: NONE</msg>
<arg>${Lpassword}</arg>
<arg>${npass}</arg>
<doc>Types the given password into the text field identified by ``locator``.</doc>
<status status="PASS" start="2024-08-08T20:58:26.998356" elapsed="0.119576"/>
</kw>
<kw name="Wait Until Element Is Visible" owner="SeleniumLibrary">
<arg>${Lconfirmpassword}</arg>
<doc>Waits until the element ``locator`` is visible.</doc>
<status status="PASS" start="2024-08-08T20:58:27.120526" elapsed="0.027103"/>
</kw>
<kw name="Input Password" owner="SeleniumLibrary">
<msg time="2024-08-08T20:58:27.148347" level="INFO">Typing password into text field 'xpath://label[text()='Confirm Password']/following::input[@type='password']'.</msg>
<msg time="2024-08-08T20:58:27.204124" level="INFO">Temporally setting log level to: NONE</msg>
<arg>${Lconfirmpassword}</arg>
<arg>${npass}</arg>
<doc>Types the given password into the text field identified by ``locator``.</doc>
<status status="PASS" start="2024-08-08T20:58:27.148347" elapsed="0.151751"/>
</kw>
<kw name="Wait Until Element Is Visible" owner="SeleniumLibrary">
<arg>${Lsavebutton}</arg>
<doc>Waits until the element ``locator`` is visible.</doc>
<status status="PASS" start="2024-08-08T20:58:27.303348" elapsed="0.024981"/>
</kw>
<kw name="Click Element" owner="SeleniumLibrary">
<msg time="2024-08-08T20:58:27.328329" level="INFO">Clicking element 'xpath://button[@type='submit']'.</msg>
<arg>${Lsavebutton}</arg>
<doc>Click the element identified by ``locator``.</doc>
<status status="PASS" start="2024-08-08T20:58:27.328329" elapsed="0.052953"/>
</kw>
<var name="${row}">['ESS', 'Enabled', 'A8DCo 4Ys 010Z', 'Mayonaise10', 'abdel12377']</var>
<status status="PASS" start="2024-08-08T20:58:24.116862" elapsed="3.265969"/>
</iter>
<var>${row}</var>
<value>@{table}</value>
<status status="PASS" start="2024-08-08T20:57:03.211201" elapsed="84.172963"/>
</for>
<status status="PASS" start="2024-08-08T20:57:03.181874" elapsed="84.203306"/>
</kw>
<kw name="Close Browser" owner="SeleniumLibrary">
<doc>Closes the current browser.</doc>
<status status="PASS" start="2024-08-08T20:58:27.385180" elapsed="2.516507"/>
</kw>
<doc>add users nawfal</doc>
<tag>critical_13</tag>
<status status="PASS" start="2024-08-08T20:56:45.425612" elapsed="104.476904"/>
</test>
<status status="FAIL" start="2024-08-08T20:53:07.046802" elapsed="322.855714"/>
</suite>
<statistics>
<total>
<stat pass="10" fail="3" skip="0">All Tests</stat>
</total>
<tag>
<stat pass="1" fail="0" skip="0">critical_1</stat>
<stat pass="1" fail="0" skip="0">critical_10</stat>
<stat pass="1" fail="0" skip="0">critical_11</stat>
<stat pass="0" fail="1" skip="0">critical_12</stat>
<stat pass="1" fail="0" skip="0">critical_13</stat>
<stat pass="1" fail="0" skip="0">critical_2</stat>
<stat pass="1" fail="0" skip="0">critical_3</stat>
<stat pass="1" fail="0" skip="0">critical_4</stat>
<stat pass="0" fail="1" skip="0">critical_5</stat>
<stat pass="1" fail="0" skip="0">critical_7</stat>
<stat pass="0" fail="1" skip="0">critical_8</stat>
<stat pass="1" fail="0" skip="0">critical_9</stat>
<stat pass="1" fail="0" skip="0">crtical_6</stat>
</tag>
<suite>
<stat pass="10" fail="3" skip="0" id="s1" name="ObjectPage">ObjectPage</stat>
</suite>
</statistics>
<errors>
</errors>
</robot>
