<?xml version="1.0" encoding="UTF-8"?>
<robot generator="Robot 7.0.1 (Python 3.11.5 on win32)" generated="2024-08-12T21:03:19.061570" rpa="false" schemaversion="5">
<suite id="s1" name="ObjectPage" source="C:\Projet\Test\ObjectPage.robot">
<test id="s1-t1" name="TC1:Open browser" line="15">
<kw name="OpenPage" owner="common">
<kw name="Open Browser" owner="SeleniumLibrary">
<msg time="2024-08-12T21:03:26.607869" level="INFO">Opening browser 'chrome' to base url 'https://opensource-demo.orangehrmlive.com/web/index.php/auth/login'.</msg>
<arg>${url}</arg>
<arg>${browser}</arg>
<doc>Opens a new browser instance to the optional ``url``.</doc>
<status status="PASS" start="2024-08-12T21:03:26.603207" elapsed="11.743246"/>
</kw>
<kw name="Maximize Browser Window" owner="SeleniumLibrary">
<doc>Maximizes current browser window.</doc>
<status status="PASS" start="2024-08-12T21:03:38.351610" elapsed="3.959477"/>
</kw>
<kw name="Title Should Be" owner="SeleniumLibrary">
<msg time="2024-08-12T21:03:42.410248" level="INFO">Page title is 'OrangeHRM'.</msg>
<arg>OrangeHRM</arg>
<doc>Verifies that the current page title equals ``title``.</doc>
<status status="PASS" start="2024-08-12T21:03:42.312090" elapsed="0.098158"/>
</kw>
<status status="PASS" start="2024-08-12T21:03:26.594263" elapsed="15.820594"/>
</kw>
<kw name="Close Browser" owner="SeleniumLibrary">
<doc>Closes the current browser.</doc>
<status status="PASS" start="2024-08-12T21:03:42.416859" elapsed="8.036046"/>
</kw>
<doc>Open url :OrangeHRM in chrome</doc>
<tag>critical_1</tag>
<status status="PASS" start="2024-08-12T21:03:26.589120" elapsed="23.865335"/>
</test>
<status status="PASS" start="2024-08-12T21:03:20.110867" elapsed="30.370387"/>
</suite>
<statistics>
<total>
<stat pass="1" fail="0" skip="0">All Tests</stat>
</total>
<tag>
<stat pass="1" fail="0" skip="0">critical_1</stat>
</tag>
<suite>
<stat pass="1" fail="0" skip="0" id="s1" name="ObjectPage">ObjectPage</stat>
</suite>
</statistics>
<errors>
</errors>
</robot>
